#
# There is insufficient memory for the Java Runtime Environment to continue.
# Native memory allocation (mmap) failed to map 195035136 bytes for Failed to commit area from 0x0000000092400000 to 0x000000009de00000 of length 195035136.
# Possible reasons:
#   The system is out of physical RAM or swap space
#   The process is running with CompressedOops enabled, and the Java Heap may be blocking the growth of the native heap
# Possible solutions:
#   Reduce memory load on the system
#   Increase physical memory or swap space
#   Check if swap backing store is full
#   Decrease Java heap size (-Xmx/-Xms)
#   Decrease number of Java threads
#   Decrease Java thread stack sizes (-Xss)
#   Set larger code cache with -XX:ReservedCodeCacheSize=
#   JVM is running with Unscaled Compressed Oops mode in which the Java heap is
#     placed in the first 4GB address space. The Java Heap base address is the
#     maximum limit for the native heap growth. Please use -XX:HeapBaseMinAddress
#     to set the Java Heap base and to place the Java Heap above 4GB virtual address.
# This output file may be truncated or incomplete.
#
#  Out of Memory Error (./src/hotspot/os/windows/os_windows.cpp:3301), pid=11140, tid=5440
#
# JRE version: OpenJDK Runtime Environment (11.0.11+9) (build 11.0.11+9-b60-7590822)
# Java VM: OpenJDK 64-Bit Server VM (11.0.11+9-b60-7590822, mixed mode, tiered, compressed oops, g1 gc, windows-amd64)
# No core dump will be written. Minidumps are not enabled by default on client versions of Windows
#

---------------  S U M M A R Y ------------

Command Line: --add-opens=java.base/java.util=ALL-UNNAMED --add-opens=java.base/java.lang=ALL-UNNAMED --add-opens=java.base/java.lang.invoke=ALL-UNNAMED --add-opens=java.base/java.util=ALL-UNNAMED --add-opens=java.prefs/java.util.prefs=ALL-UNNAMED --add-opens=java.prefs/java.util.prefs=ALL-UNNAMED --add-opens=java.base/java.nio.charset=ALL-UNNAMED --add-opens=java.base/java.net=ALL-UNNAMED --add-opens=java.base/java.util.concurrent.atomic=ALL-UNNAMED -Xmx2048m -Dfile.encoding=UTF-8 -Duser.country=IN -Duser.language=en -Duser.variant org.gradle.launcher.daemon.bootstrap.GradleDaemon 7.2

Host: Intel(R) Core(TM) i5-5200U CPU @ 2.20GHz, 4 cores, 11G,  Windows 10 , 64 bit Build 19041 (10.0.19041.2251)
Time: Mon Dec 19 10:49:44 2022 India Standard Time elapsed time: 127.204881 seconds (0d 0h 2m 7s)

---------------  T H R E A D  ---------------

Current thread (0x0000021f7f40c800):  VMThread "VM Thread" [stack: 0x000000f6e3600000,0x000000f6e3700000] [id=5440]

Stack: [0x000000f6e3600000,0x000000f6e3700000]
[error occurred during error reporting (printing stack bounds), id 0xc0000005, EXCEPTION_ACCESS_VIOLATION (0xc0000005) at pc=0x0000021f00000f2d]

Native frames: (J=compiled Java code, j=interpreted, Vv=VM code, C=native code)
V  [jvm.dll+0x5f214a]
V  [jvm.dll+0x726fb5]
V  [jvm.dll+0x7285cd]
V  [jvm.dll+0x728be5]
V  [jvm.dll+0x728b9b]
V  [jvm.dll+0x5f14e8]
V  [jvm.dll+0x5f1c78]
C  [ntdll.dll+0xa241f]
C  [ntdll.dll+0x514a4]
C  [ntdll.dll+0xa0f4e]
C  0x0000021f00000f2d

VM_Operation (0x000000f6e8ff8a20): G1CollectForAllocation, mode: safepoint, requested by thread 0x0000021f1962d000


---------------  P R O C E S S  ---------------

Threads class SMR info:
_java_thread_list=0x0000021f148bbc80, length=97, elements={
0x0000021f74879000, 0x0000021f11001800, 0x0000021f11010000, 0x0000021f11055800,
0x0000021f11056800, 0x0000021f11059000, 0x0000021f1105e800, 0x0000021f7f419000,
0x0000021f7f42e000, 0x0000021f111b3800, 0x0000021f12b92800, 0x0000021f12abf000,
0x0000021f12a76800, 0x0000021f130a3800, 0x0000021f134e9800, 0x0000021f14657000,
0x0000021f12a73800, 0x0000021f1486b000, 0x0000021f12e08800, 0x0000021f12e0b000,
0x0000021f12e0d000, 0x0000021f12e0b800, 0x0000021f12e0e000, 0x0000021f12e0f000,
0x0000021f12e09000, 0x0000021f12e0c800, 0x0000021f12e0a000, 0x0000021f14659000,
0x0000021f1465e000, 0x0000021f1465b800, 0x0000021f1465a000, 0x0000021f14660800,
0x0000021f14663800, 0x0000021f14662800, 0x0000021f1465e800, 0x0000021f14662000,
0x0000021f14665000, 0x0000021f1465f800, 0x0000021f14666000, 0x0000021f14667000,
0x0000021f14661000, 0x0000021f167ba000, 0x0000021f167bb000, 0x0000021f167b7800,
0x0000021f167b8800, 0x0000021f167bb800, 0x0000021f167bd800, 0x0000021f167bc800,
0x0000021f167be000, 0x0000021f167bf000, 0x0000021f167b9800, 0x0000021f167c5800,
0x0000021f167c4800, 0x0000021f167c0000, 0x0000021f167c2000, 0x0000021f167c6800,
0x0000021f167c3000, 0x0000021f167c0800, 0x0000021f167c1800, 0x0000021f167c4000,
0x0000021f1459d000, 0x0000021f1459c000, 0x0000021f145a1000, 0x0000021f1459f800,
0x0000021f1459d800, 0x0000021f1459b000, 0x0000021f1459e800, 0x0000021f145a5000,
0x0000021f145a2800, 0x0000021f145a3800, 0x0000021f145a1800, 0x0000021f145a6000,
0x0000021f145a4000, 0x0000021f145a0000, 0x0000021f145a6800, 0x0000021f145aa000,
0x0000021f145a7800, 0x0000021f145a8800, 0x0000021f145a9000, 0x0000021f1962a000,
0x0000021f1962c800, 0x0000021f1962e000, 0x0000021f1962d000, 0x0000021f19628800,
0x0000021f1962a800, 0x0000021f1962f000, 0x0000021f1962b800, 0x0000021f19629000,
0x0000021f19634800, 0x0000021f19635800, 0x0000021f19630800, 0x0000021f19631800,
0x0000021f19633800, 0x0000021f1962f800, 0x0000021f19636000, 0x0000021f19637000,
0x0000021f19633000
}

Java Threads: ( => current thread )
  0x0000021f74879000 JavaThread "main" [_thread_blocked, id=4448, stack(0x000000f6e3000000,0x000000f6e3100000)]
  0x0000021f11001800 JavaThread "Reference Handler" daemon [_thread_blocked, id=4264, stack(0x000000f6e3700000,0x000000f6e3800000)]
  0x0000021f11010000 JavaThread "Finalizer" daemon [_thread_blocked, id=14788, stack(0x000000f6e3800000,0x000000f6e3900000)]
  0x0000021f11055800 JavaThread "Signal Dispatcher" daemon [_thread_blocked, id=4232, stack(0x000000f6e3900000,0x000000f6e3a00000)]
  0x0000021f11056800 JavaThread "Attach Listener" daemon [_thread_blocked, id=4632, stack(0x000000f6e3a00000,0x000000f6e3b00000)]
  0x0000021f11059000 JavaThread "Service Thread" daemon [_thread_blocked, id=15660, stack(0x000000f6e3b00000,0x000000f6e3c00000)]
  0x0000021f1105e800 JavaThread "C2 CompilerThread0" daemon [_thread_blocked, id=12720, stack(0x000000f6e3c00000,0x000000f6e3d00000)]
  0x0000021f7f419000 JavaThread "C1 CompilerThread0" daemon [_thread_blocked, id=10392, stack(0x000000f6e3d00000,0x000000f6e3e00000)]
  0x0000021f7f42e000 JavaThread "Sweeper thread" daemon [_thread_blocked, id=10880, stack(0x000000f6e3e00000,0x000000f6e3f00000)]
  0x0000021f111b3800 JavaThread "Common-Cleaner" daemon [_thread_blocked, id=17364, stack(0x000000f6e3f00000,0x000000f6e4000000)]
  0x0000021f12b92800 JavaThread "Daemon health stats" [_thread_blocked, id=15012, stack(0x000000f6e4500000,0x000000f6e4600000)]
  0x0000021f12abf000 JavaThread "Incoming local TCP Connector on port 61092" [_thread_in_native, id=16912, stack(0x000000f6e4400000,0x000000f6e4500000)]
  0x0000021f12a76800 JavaThread "Daemon periodic checks" [_thread_blocked, id=8856, stack(0x000000f6e4600000,0x000000f6e4700000)]
  0x0000021f130a3800 JavaThread "Daemon" [_thread_blocked, id=15388, stack(0x000000f6e4700000,0x000000f6e4800000)]
  0x0000021f134e9800 JavaThread "Handler for socket connection from /127.0.0.1:61092 to /127.0.0.1:61093" [_thread_in_native, id=6892, stack(0x000000f6e4800000,0x000000f6e4900000)]
  0x0000021f14657000 JavaThread "Cancel handler" [_thread_blocked, id=10608, stack(0x000000f6e4900000,0x000000f6e4a00000)]
  0x0000021f12a73800 JavaThread "Daemon worker" [_thread_blocked, id=17368, stack(0x000000f6e4a00000,0x000000f6e4b00000)]
  0x0000021f1486b000 JavaThread "Asynchronous log dispatcher for DefaultDaemonConnection: socket connection from /127.0.0.1:61092 to /127.0.0.1:61093" [_thread_blocked, id=12316, stack(0x000000f6e4b00000,0x000000f6e4c00000)]
  0x0000021f12e08800 JavaThread "Daemon client event forwarder" [_thread_blocked, id=676, stack(0x000000f6e4d00000,0x000000f6e4e00000)]
  0x0000021f12e0b000 JavaThread "Cache worker for journal cache (C:\Users\Admin\.gradle\caches\journal-1)" [_thread_blocked, id=1608, stack(0x000000f6e4e00000,0x000000f6e4f00000)]
  0x0000021f12e0d000 JavaThread "File lock request listener" [_thread_in_native, id=9252, stack(0x000000f6e4f00000,0x000000f6e5000000)]
  0x0000021f12e0b800 JavaThread "Cache worker for file hash cache (C:\Users\Admin\.gradle\caches\7.2\fileHashes)" [_thread_blocked, id=14220, stack(0x000000f6e5000000,0x000000f6e5100000)]
  0x0000021f12e0e000 JavaThread "Cache worker for file hash cache (D:\WorkProjects\SequelAssignment\.gradle\7.2\fileHashes)" [_thread_blocked, id=1716, stack(0x000000f6e5100000,0x000000f6e5200000)]
  0x0000021f12e0f000 JavaThread "File watcher server" daemon [_thread_blocked, id=3756, stack(0x000000f6e5200000,0x000000f6e5300000)]
  0x0000021f12e09000 JavaThread "File watcher consumer" daemon [_thread_blocked, id=3488, stack(0x000000f6e5300000,0x000000f6e5400000)]
  0x0000021f12e0c800 JavaThread "Cache worker for checksums cache (D:\WorkProjects\SequelAssignment\.gradle\checksums)" [_thread_blocked, id=10576, stack(0x000000f6e5400000,0x000000f6e5500000)]
  0x0000021f12e0a000 JavaThread "Cache worker for cache directory md-supplier (C:\Users\Admin\.gradle\caches\7.2\md-supplier)" [_thread_blocked, id=14816, stack(0x000000f6e5500000,0x000000f6e5600000)]
  0x0000021f14659000 JavaThread "Cache worker for cache directory md-rule (C:\Users\Admin\.gradle\caches\7.2\md-rule)" [_thread_blocked, id=17344, stack(0x000000f6e5700000,0x000000f6e5800000)]
  0x0000021f1465e000 JavaThread "Cache worker for execution history cache (C:\Users\Admin\.gradle\caches\7.2\executionHistory)" [_thread_blocked, id=11352, stack(0x000000f6e5800000,0x000000f6e5900000)]
  0x0000021f1465b800 JavaThread "jar transforms" [_thread_blocked, id=8040, stack(0x000000f6e5900000,0x000000f6e5a00000)]
  0x0000021f1465a000 JavaThread "Cache worker for file content cache (C:\Users\Admin\.gradle\caches\7.2\fileContent)" [_thread_blocked, id=14776, stack(0x000000f6e5a00000,0x000000f6e5b00000)]
  0x0000021f14660800 JavaThread "jar transforms Thread 2" [_thread_blocked, id=3096, stack(0x000000f6e5b00000,0x000000f6e5c00000)]
  0x0000021f14663800 JavaThread "Cache worker for dependencies-accessors (D:\WorkProjects\SequelAssignment\.gradle\7.2\dependencies-accessors)" [_thread_blocked, id=12012, stack(0x000000f6e5c00000,0x000000f6e5d00000)]
  0x0000021f14662800 JavaThread "jar transforms Thread 3" [_thread_blocked, id=18260, stack(0x000000f6e5d00000,0x000000f6e5e00000)]
  0x0000021f1465e800 JavaThread "Cache worker for Build Output Cleanup Cache (D:\WorkProjects\SequelAssignment\.gradle\buildOutputCleanup)" [_thread_blocked, id=6828, stack(0x000000f6e5e00000,0x000000f6e5f00000)]
  0x0000021f14662000 JavaThread "Unconstrained build operations" [_thread_blocked, id=11804, stack(0x000000f6e5600000,0x000000f6e5700000)]
  0x0000021f14665000 JavaThread "Unconstrained build operations Thread 2" [_thread_blocked, id=14104, stack(0x000000f6e5f00000,0x000000f6e6000000)]
  0x0000021f1465f800 JavaThread "Unconstrained build operations Thread 3" [_thread_blocked, id=15564, stack(0x000000f6e6000000,0x000000f6e6100000)]
  0x0000021f14666000 JavaThread "Unconstrained build operations Thread 4" [_thread_blocked, id=12272, stack(0x000000f6e6100000,0x000000f6e6200000)]
  0x0000021f14667000 JavaThread "Unconstrained build operations Thread 5" [_thread_blocked, id=16460, stack(0x000000f6e6200000,0x000000f6e6300000)]
  0x0000021f14661000 JavaThread "Unconstrained build operations Thread 6" [_thread_blocked, id=5964, stack(0x000000f6e6300000,0x000000f6e6400000)]
  0x0000021f167ba000 JavaThread "Unconstrained build operations Thread 7" [_thread_blocked, id=15284, stack(0x000000f6e6400000,0x000000f6e6500000)]
  0x0000021f167bb000 JavaThread "Unconstrained build operations Thread 8" [_thread_blocked, id=7304, stack(0x000000f6e6500000,0x000000f6e6600000)]
  0x0000021f167b7800 JavaThread "Unconstrained build operations Thread 9" [_thread_blocked, id=12748, stack(0x000000f6e6600000,0x000000f6e6700000)]
  0x0000021f167b8800 JavaThread "Unconstrained build operations Thread 10" [_thread_blocked, id=10804, stack(0x000000f6e6700000,0x000000f6e6800000)]
  0x0000021f167bb800 JavaThread "Unconstrained build operations Thread 11" [_thread_blocked, id=2844, stack(0x000000f6e6800000,0x000000f6e6900000)]
  0x0000021f167bd800 JavaThread "Unconstrained build operations Thread 12" [_thread_blocked, id=1752, stack(0x000000f6e6900000,0x000000f6e6a00000)]
  0x0000021f167bc800 JavaThread "Unconstrained build operations Thread 13" [_thread_blocked, id=4216, stack(0x000000f6e6a00000,0x000000f6e6b00000)]
  0x0000021f167be000 JavaThread "Unconstrained build operations Thread 14" [_thread_blocked, id=1652, stack(0x000000f6e6b00000,0x000000f6e6c00000)]
  0x0000021f167bf000 JavaThread "Unconstrained build operations Thread 15" [_thread_blocked, id=16388, stack(0x000000f6e6c00000,0x000000f6e6d00000)]
  0x0000021f167b9800 JavaThread "Unconstrained build operations Thread 16" [_thread_blocked, id=11628, stack(0x000000f6e6d00000,0x000000f6e6e00000)]
  0x0000021f167c5800 JavaThread "Unconstrained build operations Thread 17" [_thread_blocked, id=8300, stack(0x000000f6e6e00000,0x000000f6e6f00000)]
  0x0000021f167c4800 JavaThread "Unconstrained build operations Thread 18" [_thread_blocked, id=3440, stack(0x000000f6e6f00000,0x000000f6e7000000)]
  0x0000021f167c0000 JavaThread "Unconstrained build operations Thread 19" [_thread_blocked, id=15644, stack(0x000000f6e7000000,0x000000f6e7100000)]
  0x0000021f167c2000 JavaThread "Unconstrained build operations Thread 20" [_thread_blocked, id=13068, stack(0x000000f6e7100000,0x000000f6e7200000)]
  0x0000021f167c6800 JavaThread "Unconstrained build operations Thread 21" [_thread_blocked, id=17856, stack(0x000000f6e7200000,0x000000f6e7300000)]
  0x0000021f167c3000 JavaThread "Unconstrained build operations Thread 22" [_thread_blocked, id=3768, stack(0x000000f6e7300000,0x000000f6e7400000)]
  0x0000021f167c0800 JavaThread "Unconstrained build operations Thread 23" [_thread_blocked, id=4268, stack(0x000000f6e7400000,0x000000f6e7500000)]
  0x0000021f167c1800 JavaThread "Unconstrained build operations Thread 24" [_thread_blocked, id=9920, stack(0x000000f6e7500000,0x000000f6e7600000)]
  0x0000021f167c4000 JavaThread "Unconstrained build operations Thread 25" [_thread_blocked, id=3660, stack(0x000000f6e7600000,0x000000f6e7700000)]
  0x0000021f1459d000 JavaThread "Unconstrained build operations Thread 26" [_thread_blocked, id=836, stack(0x000000f6e7700000,0x000000f6e7800000)]
  0x0000021f1459c000 JavaThread "Unconstrained build operations Thread 27" [_thread_blocked, id=9984, stack(0x000000f6e7800000,0x000000f6e7900000)]
  0x0000021f145a1000 JavaThread "Unconstrained build operations Thread 28" [_thread_blocked, id=4560, stack(0x000000f6e7900000,0x000000f6e7a00000)]
  0x0000021f1459f800 JavaThread "Unconstrained build operations Thread 29" [_thread_blocked, id=14464, stack(0x000000f6e7a00000,0x000000f6e7b00000)]
  0x0000021f1459d800 JavaThread "Unconstrained build operations Thread 30" [_thread_blocked, id=9660, stack(0x000000f6e7b00000,0x000000f6e7c00000)]
  0x0000021f1459b000 JavaThread "Unconstrained build operations Thread 31" [_thread_blocked, id=5132, stack(0x000000f6e7c00000,0x000000f6e7d00000)]
  0x0000021f1459e800 JavaThread "Unconstrained build operations Thread 32" [_thread_blocked, id=17620, stack(0x000000f6e7d00000,0x000000f6e7e00000)]
  0x0000021f145a5000 JavaThread "Unconstrained build operations Thread 33" [_thread_blocked, id=9016, stack(0x000000f6e7e00000,0x000000f6e7f00000)]
  0x0000021f145a2800 JavaThread "Unconstrained build operations Thread 34" [_thread_blocked, id=8416, stack(0x000000f6e7f00000,0x000000f6e8000000)]
  0x0000021f145a3800 JavaThread "Unconstrained build operations Thread 35" [_thread_blocked, id=18168, stack(0x000000f6e8000000,0x000000f6e8100000)]
  0x0000021f145a1800 JavaThread "Unconstrained build operations Thread 36" [_thread_blocked, id=17676, stack(0x000000f6e8100000,0x000000f6e8200000)]
  0x0000021f145a6000 JavaThread "Unconstrained build operations Thread 37" [_thread_blocked, id=14484, stack(0x000000f6e8200000,0x000000f6e8300000)]
  0x0000021f145a4000 JavaThread "Unconstrained build operations Thread 38" [_thread_blocked, id=15956, stack(0x000000f6e8300000,0x000000f6e8400000)]
  0x0000021f145a0000 JavaThread "Unconstrained build operations Thread 39" [_thread_blocked, id=12236, stack(0x000000f6e8400000,0x000000f6e8500000)]
  0x0000021f145a6800 JavaThread "Unconstrained build operations Thread 40" [_thread_blocked, id=8532, stack(0x000000f6e8500000,0x000000f6e8600000)]
  0x0000021f145aa000 JavaThread "jar transforms Thread 4" [_thread_blocked, id=6704, stack(0x000000f6e8600000,0x000000f6e8700000)]
  0x0000021f145a7800 JavaThread "Memory manager" [_thread_blocked, id=636, stack(0x000000f6e8700000,0x000000f6e8800000)]
  0x0000021f145a8800 JavaThread "build event listener" [_thread_blocked, id=9092, stack(0x000000f6e8a00000,0x000000f6e8b00000)]
  0x0000021f145a9000 JavaThread "pool-3-thread-1" [_thread_blocked, id=8208, stack(0x000000f6e8b00000,0x000000f6e8c00000)]
  0x0000021f1962a000 JavaThread "build event listener" [_thread_blocked, id=15300, stack(0x000000f6e8c00000,0x000000f6e8d00000)]
  0x0000021f1962c800 JavaThread "Execution worker for ':'" [_thread_blocked, id=16220, stack(0x000000f6e8d00000,0x000000f6e8e00000)]
  0x0000021f1962e000 JavaThread "Execution worker for ':' Thread 2" [_thread_blocked, id=6716, stack(0x000000f6e8e00000,0x000000f6e8f00000)]
  0x0000021f1962d000 JavaThread "Execution worker for ':' Thread 3" [_thread_blocked, id=8696, stack(0x000000f6e8f00000,0x000000f6e9000000)]
  0x0000021f19628800 JavaThread "Cache worker for execution history cache (D:\WorkProjects\SequelAssignment\.gradle\7.2\executionHistory)" [_thread_blocked, id=12616, stack(0x000000f6e9000000,0x000000f6e9100000)]
  0x0000021f1962a800 JavaThread "WorkerExecutor Queue" [_thread_blocked, id=9160, stack(0x000000f6e2e00000,0x000000f6e2f00000)]
  0x0000021f1962f000 JavaThread "WorkerExecutor Queue Thread 2" [_thread_blocked, id=3508, stack(0x000000f6e9100000,0x000000f6e9200000)]
  0x0000021f1962b800 JavaThread "WorkerExecutor Queue Thread 3" [_thread_blocked, id=2848, stack(0x000000f6e9200000,0x000000f6e9300000)]
  0x0000021f19629000 JavaThread "pool-4-thread-1" [_thread_blocked, id=15736, stack(0x000000f6e9300000,0x000000f6e9400000)]
  0x0000021f19634800 JavaThread "stderr" [_thread_in_native, id=916, stack(0x000000f6e9400000,0x000000f6e9500000)]
  0x0000021f19635800 JavaThread "stdout" [_thread_in_native, id=9084, stack(0x000000f6e9500000,0x000000f6e9600000)]
  0x0000021f19630800 JavaThread "WorkerExecutor Queue Thread 4" [_thread_blocked, id=4612, stack(0x000000f6e9600000,0x000000f6e9700000)]
  0x0000021f19631800 JavaThread "RMI Scheduler(0)" daemon [_thread_blocked, id=8644, stack(0x000000f6e4c00000,0x000000f6e4d00000)]
  0x0000021f19633800 JavaThread "RMI GC Daemon" daemon [_thread_blocked, id=12176, stack(0x000000f6e9800000,0x000000f6e9900000)]
  0x0000021f1962f800 JavaThread "RMI TCP Accept-0" daemon [_thread_in_native, id=10748, stack(0x000000f6e9900000,0x000000f6e9a00000)]
  0x0000021f19636000 JavaThread "RMI Reaper" [_thread_blocked, id=6540, stack(0x000000f6e9a00000,0x000000f6e9b00000)]
  0x0000021f19637000 JavaThread "RMI TCP Connection(2)-127.0.0.1" daemon [_thread_in_native, id=15188, stack(0x000000f6e9b00000,0x000000f6e9c00000)]
  0x0000021f19633000 JavaThread "Cache worker for Java compile cache (C:\Users\Admin\.gradle\caches\7.2\javaCompile)" [_thread_blocked, id=17500, stack(0x000000f6e9700000,0x000000f6e9800000)]

Other Threads:
=>0x0000021f7f40c800 VMThread "VM Thread" [stack: 0x000000f6e3600000,0x000000f6e3700000] [id=5440]
  0x0000021f111c6800 WatcherThread [stack: 0x000000f6e4000000,0x000000f6e4100000] [id=4040]
  0x0000021f74890800 GCTaskThread "GC Thread#0" [stack: 0x000000f6e3100000,0x000000f6e3200000] [id=4692]
  0x0000021f113fe000 GCTaskThread "GC Thread#1" [stack: 0x000000f6e4100000,0x000000f6e4200000] [id=8288]
  0x0000021f11285000 GCTaskThread "GC Thread#2" [stack: 0x000000f6e4200000,0x000000f6e4300000] [id=15356]
  0x0000021f11a5f800 GCTaskThread "GC Thread#3" [stack: 0x000000f6e4300000,0x000000f6e4400000] [id=7724]
  0x0000021f748c2000 ConcurrentGCThread "G1 Main Marker" [stack: 0x000000f6e3200000,0x000000f6e3300000] [id=6388]
  0x0000021f748c4800 ConcurrentGCThread "G1 Conc#0" [stack: 0x000000f6e3300000,0x000000f6e3400000] [id=5072]
  0x0000021f7495d800 ConcurrentGCThread "G1 Refine#0" [stack: 0x000000f6e3400000,0x000000f6e3500000] [id=13452]
  0x0000021f1207b800 ConcurrentGCThread "G1 Refine#1" [stack: 0x000000f6e2d00000,0x000000f6e2e00000] [id=9596]
  0x0000021f7495e000 ConcurrentGCThread "G1 Young RemSet Sampling" [stack: 0x000000f6e3500000,0x000000f6e3600000] [id=3052]

Threads with active compile tasks:
C1 CompilerThread0 127234 15782       3       org.apache.xerces.dom.DeferredDocumentImpl::synchronizeChildren (167 bytes)

VM state:at safepoint (normal execution)

VM Mutex/Monitor currently owned by a thread:  ([mutex/lock_event])
[0x0000021f74874830] Threads_lock - owner thread: 0x0000021f7f40c800
[0x0000021f74876060] Heap_lock - owner thread: 0x0000021f1962d000

Heap address: 0x0000000080000000, size: 2048 MB, Compressed Oops mode: 32-bit
Narrow klass base: 0x0000000000000000, Narrow klass shift: 3
Compressed class space size: 1073741824 Address: 0x0000000100000000

Heap:
 garbage-first heap   total 489472K, used 259072K [0x0000000080000000, 0x0000000100000000)
  region size 1024K, 2 young (2048K), 2 survivors (2048K)
 Metaspace       used 124902K, capacity 127613K, committed 127820K, reserved 1161216K
  class space    used 15629K, capacity 16622K, committed 16716K, reserved 1048576K
Heap Regions: E=young(eden), S=young(survivor), O=old, HS=humongous(starts), HC=humongous(continues), CS=collection set, F=free, A=archive, TAMS=top-at-mark-start (previous, next)
|   0|0x0000000080000000, 0x0000000080100000, 0x0000000080100000|100%| O|  |TAMS 0x0000000080100000, 0x0000000080100000| Untracked 
|   1|0x0000000080100000, 0x0000000080200000, 0x0000000080200000|100%| O|  |TAMS 0x0000000080200000, 0x0000000080200000| Untracked 
|   2|0x0000000080200000, 0x0000000080300000, 0x0000000080300000|100%| O|  |TAMS 0x0000000080300000, 0x0000000080300000| Untracked 
|   3|0x0000000080300000, 0x0000000080400000, 0x0000000080400000|100%|HS|  |TAMS 0x0000000080400000, 0x0000000080400000| Complete 
|   4|0x0000000080400000, 0x0000000080500000, 0x0000000080500000|100%|HC|  |TAMS 0x0000000080500000, 0x0000000080500000| Complete 
|   5|0x0000000080500000, 0x0000000080600000, 0x0000000080600000|100%|HC|  |TAMS 0x0000000080600000, 0x0000000080600000| Complete 
|   6|0x0000000080600000, 0x0000000080700000, 0x0000000080700000|100%| O|  |TAMS 0x0000000080700000, 0x0000000080700000| Untracked 
|   7|0x0000000080700000, 0x0000000080800000, 0x0000000080800000|100%| O|  |TAMS 0x0000000080800000, 0x0000000080800000| Untracked 
|   8|0x0000000080800000, 0x0000000080900000, 0x0000000080900000|100%| O|  |TAMS 0x0000000080900000, 0x0000000080900000| Untracked 
|   9|0x0000000080900000, 0x0000000080a00000, 0x0000000080a00000|100%| O|  |TAMS 0x0000000080a00000, 0x0000000080a00000| Untracked 
|  10|0x0000000080a00000, 0x0000000080b00000, 0x0000000080b00000|100%| O|  |TAMS 0x0000000080b00000, 0x0000000080b00000| Untracked 
|  11|0x0000000080b00000, 0x0000000080c00000, 0x0000000080c00000|100%| O|  |TAMS 0x0000000080c00000, 0x0000000080c00000| Untracked 
|  12|0x0000000080c00000, 0x0000000080d00000, 0x0000000080d00000|100%| O|  |TAMS 0x0000000080d00000, 0x0000000080d00000| Untracked 
|  13|0x0000000080d00000, 0x0000000080e00000, 0x0000000080e00000|100%| O|  |TAMS 0x0000000080e00000, 0x0000000080e00000| Untracked 
|  14|0x0000000080e00000, 0x0000000080f00000, 0x0000000080f00000|100%| O|  |TAMS 0x0000000080f00000, 0x0000000080f00000| Untracked 
|  15|0x0000000080f00000, 0x0000000081000000, 0x0000000081000000|100%| O|  |TAMS 0x0000000081000000, 0x0000000081000000| Untracked 
|  16|0x0000000081000000, 0x0000000081100000, 0x0000000081100000|100%| O|  |TAMS 0x0000000081100000, 0x0000000081100000| Untracked 
|  17|0x0000000081100000, 0x0000000081200000, 0x0000000081200000|100%|HS|  |TAMS 0x0000000081200000, 0x0000000081200000| Complete 
|  18|0x0000000081200000, 0x0000000081300000, 0x0000000081300000|100%| O|  |TAMS 0x0000000081300000, 0x0000000081300000| Untracked 
|  19|0x0000000081300000, 0x0000000081400000, 0x0000000081400000|100%| O|  |TAMS 0x0000000081400000, 0x0000000081400000| Untracked 
|  20|0x0000000081400000, 0x0000000081500000, 0x0000000081500000|100%| O|  |TAMS 0x0000000081500000, 0x0000000081500000| Untracked 
|  21|0x0000000081500000, 0x0000000081600000, 0x0000000081600000|100%| O|  |TAMS 0x0000000081600000, 0x0000000081600000| Untracked 
|  22|0x0000000081600000, 0x0000000081700000, 0x0000000081700000|100%| O|  |TAMS 0x0000000081700000, 0x0000000081700000| Untracked 
|  23|0x0000000081700000, 0x0000000081800000, 0x0000000081800000|100%| O|  |TAMS 0x0000000081800000, 0x0000000081800000| Untracked 
|  24|0x0000000081800000, 0x0000000081900000, 0x0000000081900000|100%|HS|  |TAMS 0x0000000081900000, 0x0000000081900000| Complete 
|  25|0x0000000081900000, 0x0000000081a00000, 0x0000000081a00000|100%|HS|  |TAMS 0x0000000081a00000, 0x0000000081a00000| Complete 
|  26|0x0000000081a00000, 0x0000000081b00000, 0x0000000081b00000|100%|HS|  |TAMS 0x0000000081b00000, 0x0000000081b00000| Complete 
|  27|0x0000000081b00000, 0x0000000081c00000, 0x0000000081c00000|100%|HS|  |TAMS 0x0000000081c00000, 0x0000000081c00000| Complete 
|  28|0x0000000081c00000, 0x0000000081d00000, 0x0000000081d00000|100%|HC|  |TAMS 0x0000000081d00000, 0x0000000081d00000| Complete 
|  29|0x0000000081d00000, 0x0000000081e00000, 0x0000000081e00000|100%|HC|  |TAMS 0x0000000081e00000, 0x0000000081e00000| Complete 
|  30|0x0000000081e00000, 0x0000000081f00000, 0x0000000081f00000|100%|HS|  |TAMS 0x0000000081f00000, 0x0000000081f00000| Complete 
|  31|0x0000000081f00000, 0x0000000082000000, 0x0000000082000000|100%|HC|  |TAMS 0x0000000082000000, 0x0000000082000000| Complete 
|  32|0x0000000082000000, 0x0000000082100000, 0x0000000082100000|100%| O|  |TAMS 0x0000000082100000, 0x0000000082100000| Untracked 
|  33|0x0000000082100000, 0x0000000082200000, 0x0000000082200000|100%| O|  |TAMS 0x0000000082200000, 0x0000000082200000| Untracked 
|  34|0x0000000082200000, 0x0000000082300000, 0x0000000082300000|100%| O|  |TAMS 0x0000000082300000, 0x0000000082300000| Untracked 
|  35|0x0000000082300000, 0x0000000082400000, 0x0000000082400000|100%| O|  |TAMS 0x0000000082400000, 0x0000000082400000| Untracked 
|  36|0x0000000082400000, 0x0000000082500000, 0x0000000082500000|100%| O|  |TAMS 0x0000000082500000, 0x0000000082500000| Untracked 
|  37|0x0000000082500000, 0x0000000082600000, 0x0000000082600000|100%| O|  |TAMS 0x0000000082600000, 0x0000000082600000| Untracked 
|  38|0x0000000082600000, 0x0000000082700000, 0x0000000082700000|100%| O|  |TAMS 0x0000000082700000, 0x0000000082700000| Untracked 
|  39|0x0000000082700000, 0x0000000082800000, 0x0000000082800000|100%| O|  |TAMS 0x0000000082800000, 0x0000000082800000| Untracked 
|  40|0x0000000082800000, 0x0000000082900000, 0x0000000082900000|100%| O|  |TAMS 0x0000000082900000, 0x0000000082900000| Untracked 
|  41|0x0000000082900000, 0x0000000082a00000, 0x0000000082a00000|100%| O|  |TAMS 0x0000000082a00000, 0x0000000082a00000| Untracked 
|  42|0x0000000082a00000, 0x0000000082b00000, 0x0000000082b00000|100%| O|  |TAMS 0x0000000082b00000, 0x0000000082b00000| Untracked 
|  43|0x0000000082b00000, 0x0000000082c00000, 0x0000000082c00000|100%| O|  |TAMS 0x0000000082c00000, 0x0000000082c00000| Untracked 
|  44|0x0000000082c00000, 0x0000000082d00000, 0x0000000082d00000|100%| O|  |TAMS 0x0000000082d00000, 0x0000000082d00000| Untracked 
|  45|0x0000000082d00000, 0x0000000082e00000, 0x0000000082e00000|100%| O|  |TAMS 0x0000000082e00000, 0x0000000082e00000| Untracked 
|  46|0x0000000082e00000, 0x0000000082f00000, 0x0000000082f00000|100%| O|  |TAMS 0x0000000082f00000, 0x0000000082f00000| Untracked 
|  47|0x0000000082f00000, 0x0000000083000000, 0x0000000083000000|100%| O|  |TAMS 0x0000000083000000, 0x0000000083000000| Untracked 
|  48|0x0000000083000000, 0x0000000083100000, 0x0000000083100000|100%| O|  |TAMS 0x0000000083100000, 0x0000000083100000| Untracked 
|  49|0x0000000083100000, 0x0000000083200000, 0x0000000083200000|100%| O|  |TAMS 0x0000000083200000, 0x0000000083200000| Untracked 
|  50|0x0000000083200000, 0x0000000083300000, 0x0000000083300000|100%| O|  |TAMS 0x0000000083300000, 0x0000000083300000| Untracked 
|  51|0x0000000083300000, 0x0000000083400000, 0x0000000083400000|100%| O|  |TAMS 0x0000000083400000, 0x0000000083400000| Untracked 
|  52|0x0000000083400000, 0x0000000083500000, 0x0000000083500000|100%| O|  |TAMS 0x0000000083500000, 0x0000000083500000| Untracked 
|  53|0x0000000083500000, 0x0000000083600000, 0x0000000083600000|100%| O|  |TAMS 0x0000000083600000, 0x0000000083600000| Untracked 
|  54|0x0000000083600000, 0x0000000083700000, 0x0000000083700000|100%| O|  |TAMS 0x0000000083700000, 0x0000000083700000| Untracked 
|  55|0x0000000083700000, 0x0000000083800000, 0x0000000083800000|100%| O|  |TAMS 0x0000000083800000, 0x0000000083800000| Untracked 
|  56|0x0000000083800000, 0x0000000083900000, 0x0000000083900000|100%| O|  |TAMS 0x0000000083900000, 0x0000000083900000| Untracked 
|  57|0x0000000083900000, 0x0000000083a00000, 0x0000000083a00000|100%| O|  |TAMS 0x0000000083a00000, 0x0000000083a00000| Untracked 
|  58|0x0000000083a00000, 0x0000000083b00000, 0x0000000083b00000|100%| O|  |TAMS 0x0000000083b00000, 0x0000000083b00000| Untracked 
|  59|0x0000000083b00000, 0x0000000083c00000, 0x0000000083c00000|100%| O|  |TAMS 0x0000000083c00000, 0x0000000083c00000| Untracked 
|  60|0x0000000083c00000, 0x0000000083d00000, 0x0000000083d00000|100%| O|  |TAMS 0x0000000083d00000, 0x0000000083d00000| Untracked 
|  61|0x0000000083d00000, 0x0000000083e00000, 0x0000000083e00000|100%| O|  |TAMS 0x0000000083e00000, 0x0000000083e00000| Untracked 
|  62|0x0000000083e00000, 0x0000000083f00000, 0x0000000083f00000|100%| O|  |TAMS 0x0000000083f00000, 0x0000000083f00000| Untracked 
|  63|0x0000000083f00000, 0x0000000084000000, 0x0000000084000000|100%| O|  |TAMS 0x0000000084000000, 0x0000000084000000| Untracked 
|  64|0x0000000084000000, 0x0000000084100000, 0x0000000084100000|100%| O|  |TAMS 0x0000000084100000, 0x0000000084100000| Untracked 
|  65|0x0000000084100000, 0x0000000084200000, 0x0000000084200000|100%| O|  |TAMS 0x0000000084200000, 0x0000000084200000| Untracked 
|  66|0x0000000084200000, 0x0000000084300000, 0x0000000084300000|100%| O|  |TAMS 0x0000000084300000, 0x0000000084300000| Untracked 
|  67|0x0000000084300000, 0x0000000084400000, 0x0000000084400000|100%| O|  |TAMS 0x0000000084400000, 0x0000000084400000| Untracked 
|  68|0x0000000084400000, 0x0000000084500000, 0x0000000084500000|100%| O|  |TAMS 0x0000000084500000, 0x0000000084500000| Untracked 
|  69|0x0000000084500000, 0x0000000084600000, 0x0000000084600000|100%| O|  |TAMS 0x0000000084600000, 0x0000000084600000| Untracked 
|  70|0x0000000084600000, 0x0000000084700000, 0x0000000084700000|100%| O|  |TAMS 0x0000000084700000, 0x0000000084700000| Untracked 
|  71|0x0000000084700000, 0x0000000084800000, 0x0000000084800000|100%| O|  |TAMS 0x0000000084800000, 0x0000000084800000| Untracked 
|  72|0x0000000084800000, 0x0000000084900000, 0x0000000084900000|100%| O|  |TAMS 0x0000000084900000, 0x0000000084900000| Untracked 
|  73|0x0000000084900000, 0x0000000084a00000, 0x0000000084a00000|100%| O|  |TAMS 0x0000000084a00000, 0x0000000084a00000| Untracked 
|  74|0x0000000084a00000, 0x0000000084b00000, 0x0000000084b00000|100%| O|  |TAMS 0x0000000084b00000, 0x0000000084b00000| Untracked 
|  75|0x0000000084b00000, 0x0000000084c00000, 0x0000000084c00000|100%| O|  |TAMS 0x0000000084c00000, 0x0000000084c00000| Untracked 
|  76|0x0000000084c00000, 0x0000000084d00000, 0x0000000084d00000|100%| O|  |TAMS 0x0000000084d00000, 0x0000000084d00000| Untracked 
|  77|0x0000000084d00000, 0x0000000084e00000, 0x0000000084e00000|100%| O|  |TAMS 0x0000000084e00000, 0x0000000084e00000| Untracked 
|  78|0x0000000084e00000, 0x0000000084f00000, 0x0000000084f00000|100%| O|  |TAMS 0x0000000084f00000, 0x0000000084f00000| Untracked 
|  79|0x0000000084f00000, 0x0000000085000000, 0x0000000085000000|100%| O|  |TAMS 0x0000000085000000, 0x0000000085000000| Untracked 
|  80|0x0000000085000000, 0x0000000085100000, 0x0000000085100000|100%| O|  |TAMS 0x0000000085100000, 0x0000000085100000| Untracked 
|  81|0x0000000085100000, 0x0000000085200000, 0x0000000085200000|100%| O|  |TAMS 0x0000000085200000, 0x0000000085200000| Untracked 
|  82|0x0000000085200000, 0x0000000085300000, 0x0000000085300000|100%| O|  |TAMS 0x0000000085300000, 0x0000000085300000| Untracked 
|  83|0x0000000085300000, 0x0000000085400000, 0x0000000085400000|100%| O|  |TAMS 0x0000000085400000, 0x0000000085400000| Untracked 
|  84|0x0000000085400000, 0x0000000085500000, 0x0000000085500000|100%| O|  |TAMS 0x0000000085500000, 0x0000000085500000| Untracked 
|  85|0x0000000085500000, 0x0000000085600000, 0x0000000085600000|100%| O|  |TAMS 0x0000000085600000, 0x0000000085600000| Untracked 
|  86|0x0000000085600000, 0x0000000085700000, 0x0000000085700000|100%| O|  |TAMS 0x0000000085700000, 0x0000000085700000| Untracked 
|  87|0x0000000085700000, 0x0000000085800000, 0x0000000085800000|100%| O|  |TAMS 0x0000000085800000, 0x0000000085800000| Untracked 
|  88|0x0000000085800000, 0x0000000085900000, 0x0000000085900000|100%| O|  |TAMS 0x0000000085900000, 0x0000000085900000| Untracked 
|  89|0x0000000085900000, 0x0000000085a00000, 0x0000000085a00000|100%| O|  |TAMS 0x0000000085a00000, 0x0000000085a00000| Untracked 
|  90|0x0000000085a00000, 0x0000000085b00000, 0x0000000085b00000|100%| O|  |TAMS 0x0000000085b00000, 0x0000000085b00000| Untracked 
|  91|0x0000000085b00000, 0x0000000085c00000, 0x0000000085c00000|100%| O|  |TAMS 0x0000000085c00000, 0x0000000085c00000| Untracked 
|  92|0x0000000085c00000, 0x0000000085d00000, 0x0000000085d00000|100%| O|  |TAMS 0x0000000085d00000, 0x0000000085d00000| Untracked 
|  93|0x0000000085d00000, 0x0000000085e00000, 0x0000000085e00000|100%| O|  |TAMS 0x0000000085e00000, 0x0000000085e00000| Untracked 
|  94|0x0000000085e00000, 0x0000000085f00000, 0x0000000085f00000|100%| O|  |TAMS 0x0000000085f00000, 0x0000000085f00000| Untracked 
|  95|0x0000000085f00000, 0x0000000086000000, 0x0000000086000000|100%| O|  |TAMS 0x0000000086000000, 0x0000000086000000| Untracked 
|  96|0x0000000086000000, 0x0000000086100000, 0x0000000086100000|100%| O|  |TAMS 0x0000000086100000, 0x0000000086100000| Untracked 
|  97|0x0000000086100000, 0x0000000086200000, 0x0000000086200000|100%| O|  |TAMS 0x0000000086200000, 0x0000000086200000| Untracked 
|  98|0x0000000086200000, 0x0000000086300000, 0x0000000086300000|100%|HS|  |TAMS 0x0000000086300000, 0x0000000086300000| Complete 
|  99|0x0000000086300000, 0x0000000086400000, 0x0000000086400000|100%|HC|  |TAMS 0x0000000086400000, 0x0000000086400000| Complete 
| 100|0x0000000086400000, 0x0000000086500000, 0x0000000086500000|100%| O|  |TAMS 0x0000000086500000, 0x0000000086500000| Untracked 
| 101|0x0000000086500000, 0x0000000086600000, 0x0000000086600000|100%| O|  |TAMS 0x0000000086600000, 0x0000000086600000| Untracked 
| 102|0x0000000086600000, 0x0000000086700000, 0x0000000086700000|100%| O|  |TAMS 0x0000000086700000, 0x0000000086700000| Untracked 
| 103|0x0000000086700000, 0x0000000086800000, 0x0000000086800000|100%| O|  |TAMS 0x0000000086800000, 0x0000000086800000| Untracked 
| 104|0x0000000086800000, 0x0000000086900000, 0x0000000086900000|100%| O|  |TAMS 0x0000000086900000, 0x0000000086900000| Untracked 
| 105|0x0000000086900000, 0x0000000086a00000, 0x0000000086a00000|100%| O|  |TAMS 0x0000000086a00000, 0x0000000086a00000| Untracked 
| 106|0x0000000086a00000, 0x0000000086b00000, 0x0000000086b00000|100%| O|  |TAMS 0x0000000086b00000, 0x0000000086b00000| Untracked 
| 107|0x0000000086b00000, 0x0000000086c00000, 0x0000000086c00000|100%| O|  |TAMS 0x0000000086c00000, 0x0000000086c00000| Untracked 
| 108|0x0000000086c00000, 0x0000000086d00000, 0x0000000086d00000|100%| O|  |TAMS 0x0000000086d00000, 0x0000000086d00000| Untracked 
| 109|0x0000000086d00000, 0x0000000086e00000, 0x0000000086e00000|100%| O|  |TAMS 0x0000000086e00000, 0x0000000086e00000| Untracked 
| 110|0x0000000086e00000, 0x0000000086f00000, 0x0000000086f00000|100%| O|  |TAMS 0x0000000086f00000, 0x0000000086f00000| Untracked 
| 111|0x0000000086f00000, 0x0000000087000000, 0x0000000087000000|100%| O|  |TAMS 0x0000000087000000, 0x0000000087000000| Untracked 
| 112|0x0000000087000000, 0x0000000087100000, 0x0000000087100000|100%| O|  |TAMS 0x0000000087100000, 0x0000000087100000| Untracked 
| 113|0x0000000087100000, 0x0000000087200000, 0x0000000087200000|100%| O|  |TAMS 0x0000000087200000, 0x0000000087200000| Untracked 
| 114|0x0000000087200000, 0x0000000087300000, 0x0000000087300000|100%| O|  |TAMS 0x0000000087300000, 0x0000000087300000| Untracked 
| 115|0x0000000087300000, 0x0000000087400000, 0x0000000087400000|100%| O|  |TAMS 0x0000000087400000, 0x0000000087400000| Untracked 
| 116|0x0000000087400000, 0x0000000087500000, 0x0000000087500000|100%| O|  |TAMS 0x0000000087500000, 0x0000000087500000| Untracked 
| 117|0x0000000087500000, 0x0000000087600000, 0x0000000087600000|100%| O|  |TAMS 0x0000000087600000, 0x0000000087600000| Untracked 
| 118|0x0000000087600000, 0x0000000087700000, 0x0000000087700000|100%| O|  |TAMS 0x0000000087700000, 0x0000000087700000| Untracked 
| 119|0x0000000087700000, 0x0000000087800000, 0x0000000087800000|100%| O|  |TAMS 0x0000000087800000, 0x0000000087800000| Untracked 
| 120|0x0000000087800000, 0x0000000087900000, 0x0000000087900000|100%| O|  |TAMS 0x0000000087900000, 0x0000000087900000| Untracked 
| 121|0x0000000087900000, 0x0000000087a00000, 0x0000000087a00000|100%| O|  |TAMS 0x0000000087a00000, 0x0000000087a00000| Untracked 
| 122|0x0000000087a00000, 0x0000000087b00000, 0x0000000087b00000|100%| O|  |TAMS 0x0000000087b00000, 0x0000000087b00000| Untracked 
| 123|0x0000000087b00000, 0x0000000087c00000, 0x0000000087c00000|100%| O|  |TAMS 0x0000000087c00000, 0x0000000087c00000| Untracked 
| 124|0x0000000087c00000, 0x0000000087d00000, 0x0000000087d00000|100%| O|  |TAMS 0x0000000087d00000, 0x0000000087d00000| Untracked 
| 125|0x0000000087d00000, 0x0000000087e00000, 0x0000000087e00000|100%| O|  |TAMS 0x0000000087e00000, 0x0000000087e00000| Untracked 
| 126|0x0000000087e00000, 0x0000000087f00000, 0x0000000087f00000|100%| O|  |TAMS 0x0000000087f00000, 0x0000000087f00000| Untracked 
| 127|0x0000000087f00000, 0x0000000088000000, 0x0000000088000000|100%| O|  |TAMS 0x0000000088000000, 0x0000000088000000| Untracked 
| 128|0x0000000088000000, 0x0000000088100000, 0x0000000088100000|100%| O|  |TAMS 0x0000000088100000, 0x0000000088100000| Untracked 
| 129|0x0000000088100000, 0x0000000088200000, 0x0000000088200000|100%| O|  |TAMS 0x0000000088200000, 0x0000000088200000| Untracked 
| 130|0x0000000088200000, 0x0000000088300000, 0x0000000088300000|100%| O|  |TAMS 0x0000000088300000, 0x0000000088300000| Untracked 
| 131|0x0000000088300000, 0x0000000088400000, 0x0000000088400000|100%| O|  |TAMS 0x0000000088400000, 0x0000000088400000| Untracked 
| 132|0x0000000088400000, 0x0000000088500000, 0x0000000088500000|100%| O|  |TAMS 0x0000000088500000, 0x0000000088500000| Untracked 
| 133|0x0000000088500000, 0x0000000088600000, 0x0000000088600000|100%| O|  |TAMS 0x0000000088600000, 0x0000000088600000| Untracked 
| 134|0x0000000088600000, 0x0000000088700000, 0x0000000088700000|100%| O|  |TAMS 0x0000000088700000, 0x0000000088700000| Untracked 
| 135|0x0000000088700000, 0x0000000088800000, 0x0000000088800000|100%| O|  |TAMS 0x0000000088800000, 0x0000000088800000| Untracked 
| 136|0x0000000088800000, 0x0000000088900000, 0x0000000088900000|100%| O|  |TAMS 0x0000000088900000, 0x0000000088900000| Untracked 
| 137|0x0000000088900000, 0x0000000088a00000, 0x0000000088a00000|100%| O|  |TAMS 0x0000000088a00000, 0x0000000088a00000| Untracked 
| 138|0x0000000088a00000, 0x0000000088b00000, 0x0000000088b00000|100%| O|  |TAMS 0x0000000088b00000, 0x0000000088b00000| Untracked 
| 139|0x0000000088b00000, 0x0000000088c00000, 0x0000000088c00000|100%| O|  |TAMS 0x0000000088c00000, 0x0000000088c00000| Untracked 
| 140|0x0000000088c00000, 0x0000000088d00000, 0x0000000088d00000|100%| O|  |TAMS 0x0000000088d00000, 0x0000000088d00000| Untracked 
| 141|0x0000000088d00000, 0x0000000088e00000, 0x0000000088e00000|100%| O|  |TAMS 0x0000000088e00000, 0x0000000088e00000| Untracked 
| 142|0x0000000088e00000, 0x0000000088f00000, 0x0000000088f00000|100%| O|  |TAMS 0x0000000088f00000, 0x0000000088f00000| Untracked 
| 143|0x0000000088f00000, 0x0000000089000000, 0x0000000089000000|100%| O|  |TAMS 0x0000000089000000, 0x0000000089000000| Untracked 
| 144|0x0000000089000000, 0x0000000089100000, 0x0000000089100000|100%| O|  |TAMS 0x0000000089100000, 0x0000000089100000| Untracked 
| 145|0x0000000089100000, 0x0000000089200000, 0x0000000089200000|100%| O|  |TAMS 0x0000000089200000, 0x0000000089200000| Untracked 
| 146|0x0000000089200000, 0x0000000089300000, 0x0000000089300000|100%| O|  |TAMS 0x0000000089300000, 0x0000000089300000| Untracked 
| 147|0x0000000089300000, 0x0000000089400000, 0x0000000089400000|100%| O|  |TAMS 0x0000000089400000, 0x0000000089400000| Untracked 
| 148|0x0000000089400000, 0x0000000089500000, 0x0000000089500000|100%| O|  |TAMS 0x0000000089500000, 0x0000000089500000| Untracked 
| 149|0x0000000089500000, 0x0000000089600000, 0x0000000089600000|100%| O|  |TAMS 0x0000000089600000, 0x0000000089600000| Untracked 
| 150|0x0000000089600000, 0x0000000089700000, 0x0000000089700000|100%| O|  |TAMS 0x0000000089700000, 0x0000000089700000| Untracked 
| 151|0x0000000089700000, 0x0000000089800000, 0x0000000089800000|100%| O|  |TAMS 0x0000000089800000, 0x0000000089800000| Untracked 
| 152|0x0000000089800000, 0x0000000089900000, 0x0000000089900000|100%| O|  |TAMS 0x0000000089900000, 0x0000000089900000| Untracked 
| 153|0x0000000089900000, 0x0000000089a00000, 0x0000000089a00000|100%| O|  |TAMS 0x0000000089a00000, 0x0000000089a00000| Untracked 
| 154|0x0000000089a00000, 0x0000000089b00000, 0x0000000089b00000|100%| O|  |TAMS 0x0000000089b00000, 0x0000000089b00000| Untracked 
| 155|0x0000000089b00000, 0x0000000089c00000, 0x0000000089c00000|100%| O|  |TAMS 0x0000000089c00000, 0x0000000089c00000| Untracked 
| 156|0x0000000089c00000, 0x0000000089d00000, 0x0000000089d00000|100%| O|  |TAMS 0x0000000089d00000, 0x0000000089d00000| Untracked 
| 157|0x0000000089d00000, 0x0000000089e00000, 0x0000000089e00000|100%| O|  |TAMS 0x0000000089e00000, 0x0000000089e00000| Untracked 
| 158|0x0000000089e00000, 0x0000000089f00000, 0x0000000089f00000|100%| O|  |TAMS 0x0000000089f00000, 0x0000000089f00000| Untracked 
| 159|0x0000000089f00000, 0x000000008a000000, 0x000000008a000000|100%| O|  |TAMS 0x000000008a000000, 0x000000008a000000| Untracked 
| 160|0x000000008a000000, 0x000000008a100000, 0x000000008a100000|100%| O|  |TAMS 0x000000008a100000, 0x000000008a100000| Untracked 
| 161|0x000000008a100000, 0x000000008a200000, 0x000000008a200000|100%| O|  |TAMS 0x000000008a200000, 0x000000008a200000| Untracked 
| 162|0x000000008a200000, 0x000000008a300000, 0x000000008a300000|100%| O|  |TAMS 0x000000008a300000, 0x000000008a300000| Untracked 
| 163|0x000000008a300000, 0x000000008a400000, 0x000000008a400000|100%| O|  |TAMS 0x000000008a400000, 0x000000008a400000| Untracked 
| 164|0x000000008a400000, 0x000000008a500000, 0x000000008a500000|100%| O|  |TAMS 0x000000008a500000, 0x000000008a500000| Untracked 
| 165|0x000000008a500000, 0x000000008a600000, 0x000000008a600000|100%| O|  |TAMS 0x000000008a600000, 0x000000008a600000| Untracked 
| 166|0x000000008a600000, 0x000000008a700000, 0x000000008a700000|100%| O|  |TAMS 0x000000008a700000, 0x000000008a700000| Untracked 
| 167|0x000000008a700000, 0x000000008a800000, 0x000000008a800000|100%| O|  |TAMS 0x000000008a800000, 0x000000008a800000| Untracked 
| 168|0x000000008a800000, 0x000000008a900000, 0x000000008a900000|100%| O|  |TAMS 0x000000008a900000, 0x000000008a900000| Untracked 
| 169|0x000000008a900000, 0x000000008aa00000, 0x000000008aa00000|100%| O|  |TAMS 0x000000008aa00000, 0x000000008aa00000| Untracked 
| 170|0x000000008aa00000, 0x000000008ab00000, 0x000000008ab00000|100%| O|  |TAMS 0x000000008ab00000, 0x000000008ab00000| Untracked 
| 171|0x000000008ab00000, 0x000000008ac00000, 0x000000008ac00000|100%| O|  |TAMS 0x000000008ac00000, 0x000000008ac00000| Untracked 
| 172|0x000000008ac00000, 0x000000008ad00000, 0x000000008ad00000|100%| O|  |TAMS 0x000000008ad00000, 0x000000008ad00000| Untracked 
| 173|0x000000008ad00000, 0x000000008ae00000, 0x000000008ae00000|100%| O|  |TAMS 0x000000008ae00000, 0x000000008ae00000| Untracked 
| 174|0x000000008ae00000, 0x000000008af00000, 0x000000008af00000|100%| O|  |TAMS 0x000000008af00000, 0x000000008af00000| Untracked 
| 175|0x000000008af00000, 0x000000008b000000, 0x000000008b000000|100%| O|  |TAMS 0x000000008b000000, 0x000000008b000000| Untracked 
| 176|0x000000008b000000, 0x000000008b100000, 0x000000008b100000|100%| O|  |TAMS 0x000000008b100000, 0x000000008b100000| Untracked 
| 177|0x000000008b100000, 0x000000008b200000, 0x000000008b200000|100%| O|  |TAMS 0x000000008b200000, 0x000000008b200000| Untracked 
| 178|0x000000008b200000, 0x000000008b300000, 0x000000008b300000|100%| O|  |TAMS 0x000000008b300000, 0x000000008b300000| Untracked 
| 179|0x000000008b300000, 0x000000008b400000, 0x000000008b400000|100%| O|  |TAMS 0x000000008b400000, 0x000000008b400000| Untracked 
| 180|0x000000008b400000, 0x000000008b500000, 0x000000008b500000|100%| O|  |TAMS 0x000000008b500000, 0x000000008b500000| Untracked 
| 181|0x000000008b500000, 0x000000008b600000, 0x000000008b600000|100%| O|  |TAMS 0x000000008b600000, 0x000000008b600000| Untracked 
| 182|0x000000008b600000, 0x000000008b700000, 0x000000008b700000|100%| O|  |TAMS 0x000000008b700000, 0x000000008b700000| Untracked 
| 183|0x000000008b700000, 0x000000008b800000, 0x000000008b800000|100%| O|  |TAMS 0x000000008b800000, 0x000000008b800000| Untracked 
| 184|0x000000008b800000, 0x000000008b900000, 0x000000008b900000|100%| O|  |TAMS 0x000000008b900000, 0x000000008b900000| Untracked 
| 185|0x000000008b900000, 0x000000008ba00000, 0x000000008ba00000|100%| O|  |TAMS 0x000000008ba00000, 0x000000008ba00000| Untracked 
| 186|0x000000008ba00000, 0x000000008bb00000, 0x000000008bb00000|100%| O|  |TAMS 0x000000008bb00000, 0x000000008bb00000| Untracked 
| 187|0x000000008bb00000, 0x000000008bc00000, 0x000000008bc00000|100%| O|  |TAMS 0x000000008bc00000, 0x000000008bc00000| Untracked 
| 188|0x000000008bc00000, 0x000000008bd00000, 0x000000008bd00000|100%| O|  |TAMS 0x000000008bd00000, 0x000000008bd00000| Untracked 
| 189|0x000000008bd00000, 0x000000008be00000, 0x000000008be00000|100%| O|  |TAMS 0x000000008be00000, 0x000000008be00000| Untracked 
| 190|0x000000008be00000, 0x000000008bf00000, 0x000000008bf00000|100%| O|  |TAMS 0x000000008bf00000, 0x000000008bf00000| Untracked 
| 191|0x000000008bf00000, 0x000000008c000000, 0x000000008c000000|100%| O|  |TAMS 0x000000008c000000, 0x000000008c000000| Untracked 
| 192|0x000000008c000000, 0x000000008c100000, 0x000000008c100000|100%| O|  |TAMS 0x000000008c100000, 0x000000008c100000| Untracked 
| 193|0x000000008c100000, 0x000000008c200000, 0x000000008c200000|100%| O|  |TAMS 0x000000008c175200, 0x000000008c200000| Untracked 
| 194|0x000000008c200000, 0x000000008c300000, 0x000000008c300000|100%| O|  |TAMS 0x000000008c200000, 0x000000008c300000| Untracked 
| 195|0x000000008c300000, 0x000000008c400000, 0x000000008c400000|100%| O|  |TAMS 0x000000008c300000, 0x000000008c400000| Untracked 
| 196|0x000000008c400000, 0x000000008c500000, 0x000000008c500000|100%| O|  |TAMS 0x000000008c400000, 0x000000008c500000| Untracked 
| 197|0x000000008c500000, 0x000000008c600000, 0x000000008c600000|100%| O|  |TAMS 0x000000008c500000, 0x000000008c600000| Untracked 
| 198|0x000000008c600000, 0x000000008c700000, 0x000000008c700000|100%| O|  |TAMS 0x000000008c600000, 0x000000008c700000| Untracked 
| 199|0x000000008c700000, 0x000000008c800000, 0x000000008c800000|100%| O|  |TAMS 0x000000008c700000, 0x000000008c800000| Untracked 
| 200|0x000000008c800000, 0x000000008c900000, 0x000000008c900000|100%| O|  |TAMS 0x000000008c800000, 0x000000008c900000| Untracked 
| 201|0x000000008c900000, 0x000000008ca00000, 0x000000008ca00000|100%| O|  |TAMS 0x000000008c900000, 0x000000008ca00000| Untracked 
| 202|0x000000008ca00000, 0x000000008cb00000, 0x000000008cb00000|100%| O|  |TAMS 0x000000008ca00000, 0x000000008cb00000| Untracked 
| 203|0x000000008cb00000, 0x000000008cc00000, 0x000000008cc00000|100%| O|  |TAMS 0x000000008cb00000, 0x000000008cc00000| Untracked 
| 204|0x000000008cc00000, 0x000000008cd00000, 0x000000008cd00000|100%| O|  |TAMS 0x000000008cc00000, 0x000000008cd00000| Untracked 
| 205|0x000000008cd00000, 0x000000008ce00000, 0x000000008ce00000|100%| O|  |TAMS 0x000000008cd00000, 0x000000008ce00000| Untracked 
| 206|0x000000008ce00000, 0x000000008cf00000, 0x000000008cf00000|100%| O|  |TAMS 0x000000008ce00000, 0x000000008cf00000| Untracked 
| 207|0x000000008cf00000, 0x000000008d000000, 0x000000008d000000|100%| O|  |TAMS 0x000000008cf00000, 0x000000008d000000| Untracked 
| 208|0x000000008d000000, 0x000000008d100000, 0x000000008d100000|100%| O|  |TAMS 0x000000008d000000, 0x000000008d100000| Untracked 
| 209|0x000000008d100000, 0x000000008d200000, 0x000000008d200000|100%| O|  |TAMS 0x000000008d100000, 0x000000008d200000| Untracked 
| 210|0x000000008d200000, 0x000000008d300000, 0x000000008d300000|100%| O|  |TAMS 0x000000008d200000, 0x000000008d300000| Untracked 
| 211|0x000000008d300000, 0x000000008d400000, 0x000000008d400000|100%| O|  |TAMS 0x000000008d300000, 0x000000008d400000| Untracked 
| 212|0x000000008d400000, 0x000000008d500000, 0x000000008d500000|100%| O|  |TAMS 0x000000008d400000, 0x000000008d500000| Untracked 
| 213|0x000000008d500000, 0x000000008d600000, 0x000000008d600000|100%| O|  |TAMS 0x000000008d500000, 0x000000008d600000| Untracked 
| 214|0x000000008d600000, 0x000000008d700000, 0x000000008d700000|100%| O|  |TAMS 0x000000008d600000, 0x000000008d700000| Untracked 
| 215|0x000000008d700000, 0x000000008d800000, 0x000000008d800000|100%| O|  |TAMS 0x000000008d700000, 0x000000008d800000| Untracked 
| 216|0x000000008d800000, 0x000000008d900000, 0x000000008d900000|100%| O|  |TAMS 0x000000008d800000, 0x000000008d900000| Untracked 
| 217|0x000000008d900000, 0x000000008da00000, 0x000000008da00000|100%| O|  |TAMS 0x000000008d900000, 0x000000008da00000| Untracked 
| 218|0x000000008da00000, 0x000000008db00000, 0x000000008db00000|100%| O|  |TAMS 0x000000008da00000, 0x000000008db00000| Untracked 
| 219|0x000000008db00000, 0x000000008dc00000, 0x000000008dc00000|100%| O|  |TAMS 0x000000008db00000, 0x000000008dc00000| Untracked 
| 220|0x000000008dc00000, 0x000000008dd00000, 0x000000008dd00000|100%| O|  |TAMS 0x000000008dc00000, 0x000000008dd00000| Untracked 
| 221|0x000000008dd00000, 0x000000008de00000, 0x000000008de00000|100%| O|  |TAMS 0x000000008dd00000, 0x000000008de00000| Untracked 
| 222|0x000000008de00000, 0x000000008df00000, 0x000000008df00000|100%| O|  |TAMS 0x000000008de00000, 0x000000008df00000| Untracked 
| 223|0x000000008df00000, 0x000000008e000000, 0x000000008e000000|100%| O|  |TAMS 0x000000008df00000, 0x000000008e000000| Untracked 
| 224|0x000000008e000000, 0x000000008e100000, 0x000000008e100000|100%| O|  |TAMS 0x000000008e000000, 0x000000008e100000| Untracked 
| 225|0x000000008e100000, 0x000000008e200000, 0x000000008e200000|100%| O|  |TAMS 0x000000008e100000, 0x000000008e200000| Untracked 
| 226|0x000000008e200000, 0x000000008e300000, 0x000000008e300000|100%| O|  |TAMS 0x000000008e200000, 0x000000008e300000| Untracked 
| 227|0x000000008e300000, 0x000000008e400000, 0x000000008e400000|100%| O|  |TAMS 0x000000008e300000, 0x000000008e400000| Untracked 
| 228|0x000000008e400000, 0x000000008e500000, 0x000000008e500000|100%| O|  |TAMS 0x000000008e400000, 0x000000008e500000| Untracked 
| 229|0x000000008e500000, 0x000000008e600000, 0x000000008e600000|100%| O|  |TAMS 0x000000008e500000, 0x000000008e600000| Untracked 
| 230|0x000000008e600000, 0x000000008e700000, 0x000000008e700000|100%| O|  |TAMS 0x000000008e600000, 0x000000008e700000| Untracked 
| 231|0x000000008e700000, 0x000000008e800000, 0x000000008e800000|100%| O|  |TAMS 0x000000008e700000, 0x000000008e800000| Untracked 
| 232|0x000000008e800000, 0x000000008e900000, 0x000000008e900000|100%| O|  |TAMS 0x000000008e800000, 0x000000008e900000| Untracked 
| 233|0x000000008e900000, 0x000000008ea00000, 0x000000008ea00000|100%| O|  |TAMS 0x000000008e900000, 0x000000008ea00000| Untracked 
| 234|0x000000008ea00000, 0x000000008eb00000, 0x000000008eb00000|100%| O|  |TAMS 0x000000008ea00000, 0x000000008eb00000| Untracked 
| 235|0x000000008eb00000, 0x000000008ec00000, 0x000000008ec00000|100%| O|  |TAMS 0x000000008eb00000, 0x000000008ec00000| Untracked 
| 236|0x000000008ec00000, 0x000000008ed00000, 0x000000008ed00000|100%| O|  |TAMS 0x000000008ec00000, 0x000000008ed00000| Untracked 
| 237|0x000000008ed00000, 0x000000008ee00000, 0x000000008ee00000|100%| O|  |TAMS 0x000000008ed00000, 0x000000008ee00000| Untracked 
| 238|0x000000008ee00000, 0x000000008ef00000, 0x000000008ef00000|100%| O|  |TAMS 0x000000008ee00000, 0x000000008ef00000| Untracked 
| 239|0x000000008ef00000, 0x000000008f000000, 0x000000008f000000|100%| O|  |TAMS 0x000000008ef00000, 0x000000008f000000| Untracked 
| 240|0x000000008f000000, 0x000000008f100000, 0x000000008f100000|100%| O|  |TAMS 0x000000008f000000, 0x000000008f100000| Untracked 
| 241|0x000000008f100000, 0x000000008f200000, 0x000000008f200000|100%| O|  |TAMS 0x000000008f100000, 0x000000008f200000| Untracked 
| 242|0x000000008f200000, 0x000000008f300000, 0x000000008f300000|100%| O|  |TAMS 0x000000008f200000, 0x000000008f300000| Untracked 
| 243|0x000000008f300000, 0x000000008f400000, 0x000000008f400000|100%| O|  |TAMS 0x000000008f300000, 0x000000008f400000| Untracked 
| 244|0x000000008f400000, 0x000000008f500000, 0x000000008f500000|100%| O|  |TAMS 0x000000008f400000, 0x000000008f500000| Untracked 
| 245|0x000000008f500000, 0x000000008f600000, 0x000000008f600000|100%| O|  |TAMS 0x000000008f500000, 0x000000008f600000| Untracked 
| 246|0x000000008f600000, 0x000000008f700000, 0x000000008f700000|100%| O|  |TAMS 0x000000008f600000, 0x000000008f700000| Untracked 
| 247|0x000000008f700000, 0x000000008f800000, 0x000000008f800000|100%| O|  |TAMS 0x000000008f700000, 0x000000008f800000| Untracked 
| 248|0x000000008f800000, 0x000000008f900000, 0x000000008f900000|100%| O|  |TAMS 0x000000008f800000, 0x000000008f900000| Untracked 
| 249|0x000000008f900000, 0x000000008fa00000, 0x000000008fa00000|100%| O|  |TAMS 0x000000008f900000, 0x000000008fa00000| Untracked 
| 250|0x000000008fa00000, 0x000000008fb00000, 0x000000008fb00000|100%| O|  |TAMS 0x000000008fa00000, 0x000000008fb00000| Untracked 
| 251|0x000000008fb00000, 0x000000008fb00000, 0x000000008fc00000|  0%| F|  |TAMS 0x000000008fb00000, 0x000000008fb00000| Untracked 
| 252|0x000000008fc00000, 0x000000008fc00000, 0x000000008fd00000|  0%| F|  |TAMS 0x000000008fc00000, 0x000000008fc00000| Untracked 
| 253|0x000000008fd00000, 0x000000008fd00000, 0x000000008fe00000|  0%| F|  |TAMS 0x000000008fd00000, 0x000000008fd00000| Untracked 
| 254|0x000000008fe00000, 0x000000008fe00000, 0x000000008ff00000|  0%| F|  |TAMS 0x000000008fe00000, 0x000000008fe00000| Untracked 
| 255|0x000000008ff00000, 0x000000008ff00000, 0x0000000090000000|  0%| F|  |TAMS 0x000000008ff00000, 0x000000008ff00000| Untracked 
| 256|0x0000000090000000, 0x0000000090000000, 0x0000000090100000|  0%| F|  |TAMS 0x0000000090000000, 0x0000000090000000| Untracked 
| 257|0x0000000090100000, 0x0000000090100000, 0x0000000090200000|  0%| F|  |TAMS 0x0000000090100000, 0x0000000090100000| Untracked 
| 258|0x0000000090200000, 0x0000000090200000, 0x0000000090300000|  0%| F|  |TAMS 0x0000000090200000, 0x0000000090200000| Untracked 
| 259|0x0000000090300000, 0x0000000090300000, 0x0000000090400000|  0%| F|  |TAMS 0x0000000090300000, 0x0000000090300000| Untracked 
| 260|0x0000000090400000, 0x0000000090400000, 0x0000000090500000|  0%| F|  |TAMS 0x0000000090400000, 0x0000000090400000| Untracked 
| 261|0x0000000090500000, 0x0000000090500000, 0x0000000090600000|  0%| F|  |TAMS 0x0000000090500000, 0x0000000090500000| Untracked 
| 262|0x0000000090600000, 0x0000000090600000, 0x0000000090700000|  0%| F|  |TAMS 0x0000000090600000, 0x0000000090600000| Untracked 
| 263|0x0000000090700000, 0x0000000090700000, 0x0000000090800000|  0%| F|  |TAMS 0x0000000090700000, 0x0000000090700000| Untracked 
| 264|0x0000000090800000, 0x0000000090800000, 0x0000000090900000|  0%| F|  |TAMS 0x0000000090800000, 0x0000000090800000| Untracked 
| 265|0x0000000090900000, 0x0000000090900000, 0x0000000090a00000|  0%| F|  |TAMS 0x0000000090900000, 0x0000000090900000| Untracked 
| 266|0x0000000090a00000, 0x0000000090a00000, 0x0000000090b00000|  0%| F|  |TAMS 0x0000000090a00000, 0x0000000090a00000| Untracked 
| 267|0x0000000090b00000, 0x0000000090b00000, 0x0000000090c00000|  0%| F|  |TAMS 0x0000000090b00000, 0x0000000090b00000| Untracked 
| 268|0x0000000090c00000, 0x0000000090c00000, 0x0000000090d00000|  0%| F|  |TAMS 0x0000000090c00000, 0x0000000090c00000| Untracked 
| 269|0x0000000090d00000, 0x0000000090d00000, 0x0000000090e00000|  0%| F|  |TAMS 0x0000000090d00000, 0x0000000090d00000| Untracked 
| 270|0x0000000090e00000, 0x0000000090e00000, 0x0000000090f00000|  0%| F|  |TAMS 0x0000000090e00000, 0x0000000090e00000| Untracked 
| 271|0x0000000090f00000, 0x0000000090f00000, 0x0000000091000000|  0%| F|  |TAMS 0x0000000090f00000, 0x0000000090f00000| Untracked 
| 272|0x0000000091000000, 0x0000000091000000, 0x0000000091100000|  0%| F|  |TAMS 0x0000000091000000, 0x0000000091000000| Untracked 
| 273|0x0000000091100000, 0x0000000091100000, 0x0000000091200000|  0%| F|  |TAMS 0x0000000091100000, 0x0000000091100000| Untracked 
| 274|0x0000000091200000, 0x0000000091200000, 0x0000000091300000|  0%| F|  |TAMS 0x0000000091200000, 0x0000000091200000| Untracked 
| 275|0x0000000091300000, 0x0000000091300000, 0x0000000091400000|  0%| F|  |TAMS 0x0000000091300000, 0x0000000091300000| Untracked 
| 276|0x0000000091400000, 0x0000000091500000, 0x0000000091500000|100%| S|CS|TAMS 0x0000000091400000, 0x0000000091400000| Complete 
| 277|0x0000000091500000, 0x0000000091500000, 0x0000000091600000|  0%| F|  |TAMS 0x0000000091500000, 0x0000000091500000| Untracked 
| 278|0x0000000091600000, 0x0000000091600000, 0x0000000091700000|  0%| F|  |TAMS 0x0000000091600000, 0x0000000091600000| Untracked 
| 279|0x0000000091700000, 0x0000000091800000, 0x0000000091800000|100%| S|CS|TAMS 0x0000000091700000, 0x0000000091700000| Complete 
| 280|0x0000000091800000, 0x0000000091800000, 0x0000000091900000|  0%| F|  |TAMS 0x0000000091800000, 0x0000000091800000| Untracked 
| 281|0x0000000091900000, 0x0000000091900000, 0x0000000091a00000|  0%| F|  |TAMS 0x0000000091900000, 0x0000000091900000| Untracked 
| 282|0x0000000091a00000, 0x0000000091a00000, 0x0000000091b00000|  0%| F|  |TAMS 0x0000000091a00000, 0x0000000091a00000| Untracked 
| 283|0x0000000091b00000, 0x0000000091b00000, 0x0000000091c00000|  0%| F|  |TAMS 0x0000000091b00000, 0x0000000091b00000| Untracked 
| 284|0x0000000091c00000, 0x0000000091c00000, 0x0000000091d00000|  0%| F|  |TAMS 0x0000000091c00000, 0x0000000091c00000| Untracked 
| 285|0x0000000091d00000, 0x0000000091d00000, 0x0000000091e00000|  0%| F|  |TAMS 0x0000000091d00000, 0x0000000091d00000| Untracked 
| 286|0x0000000091e00000, 0x0000000091e00000, 0x0000000091f00000|  0%| F|  |TAMS 0x0000000091e00000, 0x0000000091e00000| Untracked 
| 287|0x0000000091f00000, 0x0000000091f00000, 0x0000000092000000|  0%| F|  |TAMS 0x0000000091f00000, 0x0000000091f00000| Untracked 
| 288|0x0000000092000000, 0x0000000092000000, 0x0000000092100000|  0%| F|  |TAMS 0x0000000092000000, 0x0000000092000000| Untracked 
| 289|0x0000000092100000, 0x0000000092100000, 0x0000000092200000|  0%| F|  |TAMS 0x0000000092100000, 0x0000000092100000| Untracked 
| 290|0x0000000092200000, 0x0000000092200000, 0x0000000092300000|  0%| F|  |TAMS 0x0000000092200000, 0x0000000092200000| Untracked 
| 291|0x0000000092300000, 0x0000000092300000, 0x0000000092400000|  0%| F|  |TAMS 0x0000000092300000, 0x0000000092300000| Untracked 

Card table byte_map: [0x0000021f7a5a0000,0x0000021f7a9a0000] _byte_map_base: 0x0000021f7a1a0000

Marking Bits (Prev, Next): (CMBitMap*) 0x0000021f748b9228, (CMBitMap*) 0x0000021f748b9260
 Prev Bits: [0x0000021f7ada0000, 0x0000021f7cda0000)
 Next Bits: [0x0000021f7cda0000, 0x0000021f7eda0000)

Polling page: 0x0000021f74640000

Metaspace:

Usage:
  Non-class:    108.39 MB capacity,   106.71 MB ( 98%) used,     1.35 MB (  1%) free+waste,   336.25 KB ( <1%) overhead. 
      Class:     16.23 MB capacity,    15.26 MB ( 94%) used,   845.47 KB (  5%) free+waste,   147.38 KB ( <1%) overhead. 
       Both:    124.62 MB capacity,   121.98 MB ( 98%) used,     2.17 MB (  2%) free+waste,   483.63 KB ( <1%) overhead. 

Virtual space:
  Non-class space:      110.00 MB reserved,     108.50 MB ( 99%) committed 
      Class space:        1.00 GB reserved,      16.32 MB (  2%) committed 
             Both:        1.11 GB reserved,     124.82 MB ( 11%) committed 

Chunk freelists:
   Non-Class:  49.00 KB
       Class:  18.00 KB
        Both:  67.00 KB

MaxMetaspaceSize: 17179869184.00 GB
CompressedClassSpaceSize: 1.00 GB

CodeHeap 'non-profiled nmethods': size=120064Kb used=8940Kb max_used=8940Kb free=111123Kb
 bounds [0x0000021f07ac0000, 0x0000021f08380000, 0x0000021f0f000000]
CodeHeap 'profiled nmethods': size=120000Kb used=34222Kb max_used=34222Kb free=85777Kb
 bounds [0x0000021f00590000, 0x0000021f02700000, 0x0000021f07ac0000]
CodeHeap 'non-nmethods': size=5696Kb used=2362Kb max_used=2405Kb free=3333Kb
 bounds [0x0000021f00000000, 0x0000021f00270000, 0x0000021f00590000]
 total_blobs=16469 nmethods=15479 adapters=900
 compilation: enabled
              stopped_count=0, restarted_count=0
 full_count=0

Compilation events (20 events):
Event: 127.027 Thread 0x0000021f1105e800 nmethod 15675 0x0000021f08377990 code [0x0000021f08377b80, 0x0000021f08378188]
Event: 127.027 Thread 0x0000021f1105e800 15676       4       org.apache.xerces.dom.ElementImpl::getNodeName (16 bytes)
Event: 127.029 Thread 0x0000021f1105e800 nmethod 15676 0x0000021f08378710 code [0x0000021f083788c0, 0x0000021f083789a8]
Event: 127.029 Thread 0x0000021f1105e800 15668       4       org.apache.xerces.dom.NodeImpl::hasStringValue (30 bytes)
Event: 127.029 Thread 0x0000021f1105e800 nmethod 15668 0x0000021f08378a90 code [0x0000021f08378c20, 0x0000021f08378cb8]
Event: 127.029 Thread 0x0000021f1105e800 15679   !   4       android.databinding.tool.reflection.SdkUtil$ApiChecker::getSince (44 bytes)
Event: 127.070 Thread 0x0000021f1105e800 nmethod 15679 0x0000021f08378d90 code [0x0000021f08378fe0, 0x0000021f08379d90]
Event: 127.070 Thread 0x0000021f1105e800 15685       4       kotlin.jvm.internal.Intrinsics::checkNotNullExpressionValue (38 bytes)
Event: 127.071 Thread 0x0000021f1105e800 nmethod 15685 0x0000021f0837a790 code [0x0000021f0837a920, 0x0000021f0837a978]
Event: 127.071 Thread 0x0000021f1105e800 15678       4       android.databinding.tool.reflection.SdkUtil$ApiChecker::cacheKey (24 bytes)
Event: 127.077 Thread 0x0000021f1105e800 nmethod 15678 0x0000021f0837aa10 code [0x0000021f0837abc0, 0x0000021f0837b038]
Event: 127.133 Thread 0x0000021f1105e800 15778       4       java.io.FileInputStream::read (8 bytes)
Event: 127.133 Thread 0x0000021f1105e800 nmethod 15778 0x0000021f0837b110 code [0x0000021f0837b2a0, 0x0000021f0837b328]
Event: 127.176 Thread 0x0000021f7f419000 15779       3       java.util.ImmutableCollections::emptyList (4 bytes)
Event: 127.176 Thread 0x0000021f7f419000 nmethod 15779 0x0000021f026f5290 code [0x0000021f026f5440, 0x0000021f026f5538]
Event: 127.179 Thread 0x0000021f7f419000 15780       3       org.apache.xerces.dom.DeferredDocumentImpl::getNodeValueString (414 bytes)
Event: 127.184 Thread 0x0000021f7f419000 nmethod 15780 0x0000021f026f5590 code [0x0000021f026f5b40, 0x0000021f026f97d8]
Event: 127.184 Thread 0x0000021f7f419000 15781       3       org.apache.xerces.dom.DeferredDocumentImpl::getPrevSibling (106 bytes)
Event: 127.185 Thread 0x0000021f7f419000 nmethod 15781 0x0000021f026fae10 code [0x0000021f026fb040, 0x0000021f026fb758]
Event: 127.185 Thread 0x0000021f7f419000 15782       3       org.apache.xerces.dom.DeferredDocumentImpl::synchronizeChildren (167 bytes)

GC Heap History (20 events):
Event: 123.893 GC heap after
{Heap after GC invocations=60 (full 0):
 garbage-first heap   total 196608K, used 177752K [0x0000000080000000, 0x0000000100000000)
  region size 1024K, 1 young (1024K), 1 survivors (1024K)
 Metaspace       used 122981K, capacity 125734K, committed 125900K, reserved 1159168K
  class space    used 15457K, capacity 16472K, committed 16588K, reserved 1048576K
}
Event: 124.379 GC heap before
{Heap before GC invocations=60 (full 0):
 garbage-first heap   total 196608K, used 184920K [0x0000000080000000, 0x0000000100000000)
  region size 1024K, 9 young (9216K), 1 survivors (1024K)
 Metaspace       used 123350K, capacity 126052K, committed 126156K, reserved 1159168K
  class space    used 15501K, capacity 16514K, committed 16588K, reserved 1048576K
}
Event: 124.386 GC heap after
{Heap after GC invocations=61 (full 0):
 garbage-first heap   total 196608K, used 179467K [0x0000000080000000, 0x0000000100000000)
  region size 1024K, 2 young (2048K), 2 survivors (2048K)
 Metaspace       used 123350K, capacity 126052K, committed 126156K, reserved 1159168K
  class space    used 15501K, capacity 16514K, committed 16588K, reserved 1048576K
}
Event: 124.732 GC heap before
{Heap before GC invocations=61 (full 0):
 garbage-first heap   total 196608K, used 187659K [0x0000000080000000, 0x0000000100000000)
  region size 1024K, 9 young (9216K), 2 survivors (2048K)
 Metaspace       used 123747K, capacity 126412K, committed 126668K, reserved 1159168K
  class space    used 15538K, capacity 16548K, committed 16588K, reserved 1048576K
}
Event: 124.740 GC heap after
{Heap after GC invocations=62 (full 0):
 garbage-first heap   total 236544K, used 180455K [0x0000000080000000, 0x0000000100000000)
  region size 1024K, 2 young (2048K), 2 survivors (2048K)
 Metaspace       used 123747K, capacity 126412K, committed 126668K, reserved 1159168K
  class space    used 15538K, capacity 16548K, committed 16588K, reserved 1048576K
}
Event: 125.496 GC heap before
{Heap before GC invocations=63 (full 0):
 garbage-first heap   total 236544K, used 194791K [0x0000000080000000, 0x0000000100000000)
  region size 1024K, 16 young (16384K), 2 survivors (2048K)
 Metaspace       used 124796K, capacity 127541K, committed 127820K, reserved 1161216K
  class space    used 15629K, capacity 16622K, committed 16716K, reserved 1048576K
}
Event: 125.505 GC heap after
{Heap after GC invocations=64 (full 0):
 garbage-first heap   total 236544K, used 184615K [0x0000000080000000, 0x0000000100000000)
  region size 1024K, 2 young (2048K), 2 survivors (2048K)
 Metaspace       used 124796K, capacity 127541K, committed 127820K, reserved 1161216K
  class space    used 15629K, capacity 16622K, committed 16716K, reserved 1048576K
}
Event: 125.613 GC heap before
{Heap before GC invocations=64 (full 0):
 garbage-first heap   total 236544K, used 193831K [0x0000000080000000, 0x0000000100000000)
  region size 1024K, 11 young (11264K), 2 survivors (2048K)
 Metaspace       used 124796K, capacity 127541K, committed 127820K, reserved 1161216K
  class space    used 15629K, capacity 16622K, committed 16716K, reserved 1048576K
}
Event: 125.632 GC heap after
{Heap after GC invocations=65 (full 0):
 garbage-first heap   total 236544K, used 190464K [0x0000000080000000, 0x0000000100000000)
  region size 1024K, 2 young (2048K), 2 survivors (2048K)
 Metaspace       used 124796K, capacity 127541K, committed 127820K, reserved 1161216K
  class space    used 15629K, capacity 16622K, committed 16716K, reserved 1048576K
}
Event: 125.713 GC heap before
{Heap before GC invocations=65 (full 0):
 garbage-first heap   total 236544K, used 199680K [0x0000000080000000, 0x0000000100000000)
  region size 1024K, 11 young (11264K), 2 survivors (2048K)
 Metaspace       used 124796K, capacity 127541K, committed 127820K, reserved 1161216K
  class space    used 15629K, capacity 16622K, committed 16716K, reserved 1048576K
}
Event: 125.724 GC heap after
{Heap after GC invocations=66 (full 0):
 garbage-first heap   total 236544K, used 200148K [0x0000000080000000, 0x0000000100000000)
  region size 1024K, 2 young (2048K), 2 survivors (2048K)
 Metaspace       used 124796K, capacity 127541K, committed 127820K, reserved 1161216K
  class space    used 15629K, capacity 16622K, committed 16716K, reserved 1048576K
}
Event: 126.065 GC heap before
{Heap before GC invocations=66 (full 0):
 garbage-first heap   total 236544K, used 209364K [0x0000000080000000, 0x0000000100000000)
  region size 1024K, 11 young (11264K), 2 survivors (2048K)
 Metaspace       used 124796K, capacity 127541K, committed 127820K, reserved 1161216K
  class space    used 15629K, capacity 16622K, committed 16716K, reserved 1048576K
}
Event: 126.081 GC heap after
{Heap after GC invocations=67 (full 0):
 garbage-first heap   total 299008K, used 207872K [0x0000000080000000, 0x0000000100000000)
  region size 1024K, 2 young (2048K), 2 survivors (2048K)
 Metaspace       used 124796K, capacity 127541K, committed 127820K, reserved 1161216K
  class space    used 15629K, capacity 16622K, committed 16716K, reserved 1048576K
}
Event: 126.435 GC heap before
{Heap before GC invocations=67 (full 0):
 garbage-first heap   total 299008K, used 230400K [0x0000000080000000, 0x0000000100000000)
  region size 1024K, 24 young (24576K), 2 survivors (2048K)
 Metaspace       used 124796K, capacity 127541K, committed 127820K, reserved 1161216K
  class space    used 15629K, capacity 16622K, committed 16716K, reserved 1048576K
}
Event: 126.473 GC heap after
{Heap after GC invocations=68 (full 0):
 garbage-first heap   total 299008K, used 224632K [0x0000000080000000, 0x0000000100000000)
  region size 1024K, 3 young (3072K), 3 survivors (3072K)
 Metaspace       used 124796K, capacity 127541K, committed 127820K, reserved 1161216K
  class space    used 15629K, capacity 16622K, committed 16716K, reserved 1048576K
}
Event: 126.759 GC heap before
{Heap before GC invocations=68 (full 0):
 garbage-first heap   total 299008K, used 239992K [0x0000000080000000, 0x0000000100000000)
  region size 1024K, 18 young (18432K), 3 survivors (3072K)
 Metaspace       used 124902K, capacity 127613K, committed 127820K, reserved 1161216K
  class space    used 15629K, capacity 16622K, committed 16716K, reserved 1048576K
}
Event: 126.783 GC heap after
{Heap after GC invocations=69 (full 0):
 garbage-first heap   total 299008K, used 232448K [0x0000000080000000, 0x0000000100000000)
  region size 1024K, 3 young (3072K), 3 survivors (3072K)
 Metaspace       used 124902K, capacity 127613K, committed 127820K, reserved 1161216K
  class space    used 15629K, capacity 16622K, committed 16716K, reserved 1048576K
}
Event: 127.098 GC heap before
{Heap before GC invocations=70 (full 0):
 garbage-first heap   total 299008K, used 245760K [0x0000000080000000, 0x0000000100000000)
  region size 1024K, 16 young (16384K), 3 survivors (3072K)
 Metaspace       used 124902K, capacity 127613K, committed 127820K, reserved 1161216K
  class space    used 15629K, capacity 16622K, committed 16716K, reserved 1048576K
}
Event: 127.118 GC heap after
{Heap after GC invocations=71 (full 0):
 garbage-first heap   total 299008K, used 246173K [0x0000000080000000, 0x0000000100000000)
  region size 1024K, 2 young (2048K), 2 survivors (2048K)
 Metaspace       used 124902K, capacity 127613K, committed 127820K, reserved 1161216K
  class space    used 15629K, capacity 16622K, committed 16716K, reserved 1048576K
}
Event: 127.185 GC heap before
{Heap before GC invocations=71 (full 0):
 garbage-first heap   total 299008K, used 257437K [0x0000000080000000, 0x0000000100000000)
  region size 1024K, 14 young (14336K), 2 survivors (2048K)
 Metaspace       used 124902K, capacity 127613K, committed 127820K, reserved 1161216K
  class space    used 15629K, capacity 16622K, committed 16716K, reserved 1048576K
}

Deoptimization events (20 events):
Event: 125.642 Thread 0x0000021f1962d000 DEOPT PACKING pc=0x0000021f02514420 sp=0x000000f6e8ff8a90
Event: 125.642 Thread 0x0000021f1962d000 DEOPT UNPACKING pc=0x0000021f00026dde sp=0x000000f6e8ff8058 mode 0
Event: 125.730 Thread 0x0000021f1962d000 Uncommon trap: trap_request=0xffffff4d fr.pc=0x0000021f082ef698 relative=0x0000000000000458
Event: 125.730 Thread 0x0000021f1962d000 Uncommon trap: reason=unstable_if action=reinterpret pc=0x0000021f082ef698 method=org.apache.xerces.dom.ParentNode.nodeListItem(I)Lorg/w3c/dom/Node; @ 4 c2
Event: 125.730 Thread 0x0000021f1962d000 DEOPT PACKING pc=0x0000021f082ef698 sp=0x000000f6e8ff8de0
Event: 125.730 Thread 0x0000021f1962d000 DEOPT UNPACKING pc=0x0000021f0002662f sp=0x000000f6e8ff8d88 mode 2
Event: 126.150 Thread 0x0000021f1962d000 DEOPT PACKING pc=0x0000021f0253f37c sp=0x000000f6e8ff8e80
Event: 126.150 Thread 0x0000021f1962d000 DEOPT UNPACKING pc=0x0000021f00026dde sp=0x000000f6e8ff8378 mode 0
Event: 126.152 Thread 0x0000021f1962d000 Uncommon trap: trap_request=0xffffff4d fr.pc=0x0000021f0835a520 relative=0x0000000000003be0
Event: 126.152 Thread 0x0000021f1962d000 Uncommon trap: reason=unstable_if action=reinterpret pc=0x0000021f0835a520 method=org.apache.xerces.dom.NodeImpl.needsSyncData()Z @ 6 c2
Event: 126.152 Thread 0x0000021f1962d000 DEOPT PACKING pc=0x0000021f0835a520 sp=0x000000f6e8ff8e60
Event: 126.152 Thread 0x0000021f1962d000 DEOPT UNPACKING pc=0x0000021f0002662f sp=0x000000f6e8ff8dc0 mode 2
Event: 126.639 Thread 0x0000021f1962d000 DEOPT PACKING pc=0x0000021f026c8e2c sp=0x000000f6e8ff8cb0
Event: 126.639 Thread 0x0000021f1962d000 DEOPT UNPACKING pc=0x0000021f00026dde sp=0x000000f6e8ff8060 mode 0
Event: 126.753 Thread 0x0000021f1962d000 Uncommon trap: trap_request=0xffffffde fr.pc=0x0000021f082e2868 relative=0x0000000000003328
Event: 126.753 Thread 0x0000021f1962d000 Uncommon trap: reason=class_check action=maybe_recompile pc=0x0000021f082e2868 method=org.apache.xerces.impl.XMLDocumentFragmentScannerImpl.scanStartElement()Z @ 309 c2
Event: 126.753 Thread 0x0000021f1962d000 DEOPT PACKING pc=0x0000021f082e2868 sp=0x000000f6e8ff89d0
Event: 126.753 Thread 0x0000021f1962d000 DEOPT UNPACKING pc=0x0000021f0002662f sp=0x000000f6e8ff89b8 mode 2
Event: 126.844 Thread 0x0000021f1962d000 DEOPT PACKING pc=0x0000021f02514420 sp=0x000000f6e8ff8af0
Event: 126.844 Thread 0x0000021f1962d000 DEOPT UNPACKING pc=0x0000021f00026dde sp=0x000000f6e8ff80b8 mode 0

Classes redefined (0 events):
No events

Internal exceptions (20 events):
Event: 125.032 Thread 0x0000021f1962d000 Exception <a 'sun/nio/fs/WindowsException'{0x000000008e129c58}> (0x000000008e129c58) thrown at [./src/hotspot/share/prims/jni.cpp, line 615]
Event: 125.032 Thread 0x0000021f1962d000 Exception <a 'sun/nio/fs/WindowsException'{0x000000008e12c3a8}> (0x000000008e12c3a8) thrown at [./src/hotspot/share/prims/jni.cpp, line 615]
Event: 125.047 Thread 0x0000021f1962d000 Exception <a 'sun/nio/fs/WindowsException'{0x000000008e1717e8}> (0x000000008e1717e8) thrown at [./src/hotspot/share/prims/jni.cpp, line 615]
Event: 125.076 Thread 0x0000021f1962d000 Exception <a 'sun/nio/fs/WindowsException'{0x000000008e1ce530}> (0x000000008e1ce530) thrown at [./src/hotspot/share/prims/jni.cpp, line 615]
Event: 125.076 Thread 0x0000021f1962d000 Exception <a 'sun/nio/fs/WindowsException'{0x000000008e1ce680}> (0x000000008e1ce680) thrown at [./src/hotspot/share/prims/jni.cpp, line 615]
Event: 125.081 Thread 0x0000021f1962d000 Exception <a 'sun/nio/fs/WindowsException'{0x000000008e1e6490}> (0x000000008e1e6490) thrown at [./src/hotspot/share/prims/jni.cpp, line 615]
Event: 125.081 Thread 0x0000021f1962d000 Exception <a 'sun/nio/fs/WindowsException'{0x000000008e1e6600}> (0x000000008e1e6600) thrown at [./src/hotspot/share/prims/jni.cpp, line 615]
Event: 125.107 Thread 0x0000021f1962d000 Exception <a 'sun/nio/fs/WindowsException'{0x000000008e096f28}> (0x000000008e096f28) thrown at [./src/hotspot/share/prims/jni.cpp, line 615]
Event: 125.108 Thread 0x0000021f1962d000 Exception <a 'sun/nio/fs/WindowsException'{0x000000008e098580}> (0x000000008e098580) thrown at [./src/hotspot/share/prims/jni.cpp, line 615]
Event: 125.108 Thread 0x0000021f1962d000 Exception <a 'sun/nio/fs/WindowsException'{0x000000008e099888}> (0x000000008e099888) thrown at [./src/hotspot/share/prims/jni.cpp, line 615]
Event: 125.108 Thread 0x0000021f1962d000 Exception <a 'sun/nio/fs/WindowsException'{0x000000008e09ad60}> (0x000000008e09ad60) thrown at [./src/hotspot/share/prims/jni.cpp, line 615]
Event: 125.108 Thread 0x0000021f1962d000 Exception <a 'sun/nio/fs/WindowsException'{0x000000008e09aed0}> (0x000000008e09aed0) thrown at [./src/hotspot/share/prims/jni.cpp, line 615]
Event: 125.108 Thread 0x0000021f1962d000 Exception <a 'sun/nio/fs/WindowsException'{0x000000008e09d658}> (0x000000008e09d658) thrown at [./src/hotspot/share/prims/jni.cpp, line 615]
Event: 125.111 Thread 0x0000021f1962d000 Exception <a 'sun/nio/fs/WindowsException'{0x000000008e0ab2e0}> (0x000000008e0ab2e0) thrown at [./src/hotspot/share/prims/jni.cpp, line 615]
Event: 125.155 Thread 0x0000021f1962d000 Exception <a 'sun/nio/fs/WindowsException'{0x000000008dfcb4f0}> (0x000000008dfcb4f0) thrown at [./src/hotspot/share/prims/jni.cpp, line 615]
Event: 125.163 Thread 0x0000021f1962d000 Exception <a 'sun/nio/fs/WindowsException'{0x000000008dfeaa50}> (0x000000008dfeaa50) thrown at [./src/hotspot/share/prims/jni.cpp, line 615]
Event: 125.348 Thread 0x0000021f1962d000 Exception <a 'sun/nio/fs/WindowsException'{0x000000008dd50c90}> (0x000000008dd50c90) thrown at [./src/hotspot/share/prims/jni.cpp, line 615]
Event: 125.348 Thread 0x0000021f1962d000 Exception <a 'sun/nio/fs/WindowsException'{0x000000008dd50dc0}> (0x000000008dd50dc0) thrown at [./src/hotspot/share/prims/jni.cpp, line 615]
Event: 125.441 Thread 0x0000021f1962d000 Implicit null exception at 0x0000021f082f7595 to 0x0000021f082fa372
Event: 125.730 Thread 0x0000021f1962d000 Implicit null exception at 0x0000021f082ef275 to 0x0000021f082ef67c

Events (20 events):
Event: 125.381 loading class com/sun/tools/javac/code/Type done
Event: 125.496 Executing VM operation: G1CollectForAllocation
Event: 125.505 Executing VM operation: G1CollectForAllocation done
Event: 125.613 Executing VM operation: G1CollectForAllocation
Event: 125.632 Executing VM operation: G1CollectForAllocation done
Event: 125.713 Executing VM operation: G1CollectForAllocation
Event: 125.724 Executing VM operation: G1CollectForAllocation done
Event: 126.065 Executing VM operation: G1CollectForAllocation
Event: 126.081 Executing VM operation: G1CollectForAllocation done
Event: 126.407 Executing VM operation: CGC_Operation
Event: 126.425 Executing VM operation: CGC_Operation done
Event: 126.435 Executing VM operation: G1CollectForAllocation
Event: 126.473 Executing VM operation: G1CollectForAllocation done
Event: 126.758 Executing VM operation: G1CollectForAllocation
Event: 126.783 Executing VM operation: G1CollectForAllocation done
Event: 126.831 Executing VM operation: CGC_Operation
Event: 126.832 Executing VM operation: CGC_Operation done
Event: 127.097 Executing VM operation: G1CollectForAllocation
Event: 127.118 Executing VM operation: G1CollectForAllocation done
Event: 127.185 Executing VM operation: G1CollectForAllocation


Dynamic libraries:
0x00007ff6813b0000 - 0x00007ff6813ba000 	D:\Android Studio\jre\bin\java.exe
0x00007ff836430000 - 0x00007ff836628000 	C:\WINDOWS\SYSTEM32\ntdll.dll
0x00007ff835290000 - 0x00007ff83534f000 	C:\WINDOWS\System32\KERNEL32.DLL
0x00007ff833c00000 - 0x00007ff833ed2000 	C:\WINDOWS\System32\KERNELBASE.dll
0x00007ff833ee0000 - 0x00007ff833fe0000 	C:\WINDOWS\System32\ucrtbase.dll
0x00007ff80c950000 - 0x00007ff80c969000 	D:\Android Studio\jre\bin\jli.dll
0x00007ff835350000 - 0x00007ff8354ed000 	C:\WINDOWS\System32\USER32.dll
0x00007ff833b30000 - 0x00007ff833b52000 	C:\WINDOWS\System32\win32u.dll
0x00007ff835b10000 - 0x00007ff835b3b000 	C:\WINDOWS\System32\GDI32.dll
0x00007ff8340c0000 - 0x00007ff8341cf000 	C:\WINDOWS\System32\gdi32full.dll
0x00007ff833b60000 - 0x00007ff833bfd000 	C:\WINDOWS\System32\msvcp_win.dll
0x00007ff823950000 - 0x00007ff823bea000 	C:\WINDOWS\WinSxS\amd64_microsoft.windows.common-controls_6595b64144ccf1df_6.0.19041.1110_none_60b5254171f9507e\COMCTL32.dll
0x00007ff835910000 - 0x00007ff8359ae000 	C:\WINDOWS\System32\msvcrt.dll
0x00007ff80c930000 - 0x00007ff80c947000 	D:\Android Studio\jre\bin\VCRUNTIME140.dll
0x00007ff835f00000 - 0x00007ff835f32000 	C:\WINDOWS\System32\IMM32.DLL
0x00007ffff9870000 - 0x00007ffff990d000 	D:\Android Studio\jre\bin\msvcp140.dll
0x00007fffeab70000 - 0x00007fffeb645000 	D:\Android Studio\jre\bin\server\jvm.dll
0x00007ff836190000 - 0x00007ff83623e000 	C:\WINDOWS\System32\ADVAPI32.dll
0x00007ff8359b0000 - 0x00007ff835a4c000 	C:\WINDOWS\System32\sechost.dll
0x00007ff836240000 - 0x00007ff836365000 	C:\WINDOWS\System32\RPCRT4.dll
0x00007ff8356a0000 - 0x00007ff8356a8000 	C:\WINDOWS\System32\PSAPI.DLL
0x00007ff81ef30000 - 0x00007ff81ef57000 	C:\WINDOWS\SYSTEM32\WINMM.dll
0x00007ff822820000 - 0x00007ff822829000 	C:\WINDOWS\SYSTEM32\WSOCK32.dll
0x00007ff834d00000 - 0x00007ff834d6b000 	C:\WINDOWS\System32\WS2_32.dll
0x00007ff828750000 - 0x00007ff82875a000 	C:\WINDOWS\SYSTEM32\VERSION.dll
0x00007ff8319f0000 - 0x00007ff831a02000 	C:\WINDOWS\SYSTEM32\kernel.appcore.dll
0x00007ff82f7d0000 - 0x00007ff82f7e1000 	D:\Android Studio\jre\bin\verify.dll
0x00007ff81fff0000 - 0x00007ff8201d4000 	C:\WINDOWS\SYSTEM32\DBGHELP.DLL
0x00007ff81ffc0000 - 0x00007ff81ffec000 	C:\WINDOWS\SYSTEM32\dbgcore.DLL
0x00007ff834290000 - 0x00007ff834312000 	C:\WINDOWS\System32\bcryptPrimitives.dll
0x00007ff82d680000 - 0x00007ff82d6a9000 	D:\Android Studio\jre\bin\java.dll
0x00007ff82fa10000 - 0x00007ff82fa1b000 	D:\Android Studio\jre\bin\jimage.dll
0x00007ff82d560000 - 0x00007ff82d578000 	D:\Android Studio\jre\bin\zip.dll
0x00007ff8345b0000 - 0x00007ff834cf3000 	C:\WINDOWS\System32\SHELL32.dll
0x00007ff831bf0000 - 0x00007ff832382000 	C:\WINDOWS\SYSTEM32\windows.storage.dll
0x00007ff835b40000 - 0x00007ff835e94000 	C:\WINDOWS\System32\combase.dll
0x00007ff833590000 - 0x00007ff8335c0000 	C:\WINDOWS\SYSTEM32\Wldp.dll
0x00007ff834480000 - 0x00007ff83452d000 	C:\WINDOWS\System32\SHCORE.dll
0x00007ff835ab0000 - 0x00007ff835b05000 	C:\WINDOWS\System32\shlwapi.dll
0x00007ff833a70000 - 0x00007ff833a8f000 	C:\WINDOWS\SYSTEM32\profapi.dll
0x00007ff82d540000 - 0x00007ff82d55a000 	D:\Android Studio\jre\bin\net.dll
0x00007ff8273e0000 - 0x00007ff8274ec000 	C:\WINDOWS\SYSTEM32\WINHTTP.dll
0x00007ff8332f0000 - 0x00007ff83335a000 	C:\WINDOWS\system32\mswsock.dll
0x00007ff82b000000 - 0x00007ff82b014000 	D:\Android Studio\jre\bin\nio.dll
0x00007ff818540000 - 0x00007ff818567000 	C:\Users\Admin\.gradle\native\e1d6ef7f7dcc3fd88c89a11ec53ec762bb8ba0a96d01ffa2cd45eb1d1d8dd5c5\windows-amd64\native-platform.dll
0x00007fffdd040000 - 0x00007fffdd184000 	C:\Users\Admin\.gradle\native\5664cfc778a61ccfe75a443a1ab52a65af34e5dc3c78e0209fed803814484fcb\windows-amd64\native-platform-file-events.dll
0x00007ff82f960000 - 0x00007ff82f96a000 	D:\Android Studio\jre\bin\management.dll
0x00007ff82dcb0000 - 0x00007ff82dcbd000 	D:\Android Studio\jre\bin\management_ext.dll
0x00007ff8334e0000 - 0x00007ff8334f8000 	C:\WINDOWS\SYSTEM32\CRYPTSP.dll
0x00007ff832ba0000 - 0x00007ff832bd4000 	C:\WINDOWS\system32\rsaenh.dll
0x00007ff833fe0000 - 0x00007ff834007000 	C:\WINDOWS\System32\bcrypt.dll
0x00007ff833a30000 - 0x00007ff833a5e000 	C:\WINDOWS\SYSTEM32\USERENV.dll
0x00007ff833500000 - 0x00007ff83350c000 	C:\WINDOWS\SYSTEM32\CRYPTBASE.dll
0x00007ff832f90000 - 0x00007ff832fcb000 	C:\WINDOWS\SYSTEM32\IPHLPAPI.DLL
0x00007ff835780000 - 0x00007ff835788000 	C:\WINDOWS\System32\NSI.dll
0x00007ff827a00000 - 0x00007ff827a17000 	C:\WINDOWS\SYSTEM32\dhcpcsvc6.DLL
0x00007ff8286a0000 - 0x00007ff8286bd000 	C:\WINDOWS\SYSTEM32\dhcpcsvc.DLL
0x00007ff832fd0000 - 0x00007ff83309a000 	C:\WINDOWS\SYSTEM32\DNSAPI.dll
0x00007ff832cc0000 - 0x00007ff832cf3000 	C:\WINDOWS\SYSTEM32\ntmarta.dll
0x00007ff82d750000 - 0x00007ff82d76e000 	C:\Users\Admin\AppData\Local\Temp\native-platform6996997295279794051dir\native-platform.dll
0x00007ff8195c0000 - 0x00007ff8195c8000 	D:\Android Studio\jre\bin\rmi.dll

dbghelp: loaded successfully - version: 4.0.5 - missing functions: none
symbol engine: initialized successfully - sym options: 0x614 - pdb path: .;D:\Android Studio\jre\bin;C:\WINDOWS\SYSTEM32;C:\WINDOWS\WinSxS\amd64_microsoft.windows.common-controls_6595b64144ccf1df_6.0.19041.1110_none_60b5254171f9507e;D:\Android Studio\jre\bin\server;C:\Users\Admin\.gradle\native\e1d6ef7f7dcc3fd88c89a11ec53ec762bb8ba0a96d01ffa2cd45eb1d1d8dd5c5\windows-amd64;C:\Users\Admin\.gradle\native\5664cfc778a61ccfe75a443a1ab52a65af34e5dc3c78e0209fed803814484fcb\windows-amd64;C:\Users\Admin\AppData\Local\Temp\native-platform6996997295279794051dir

VM Arguments:
jvm_args: --add-opens=java.base/java.util=ALL-UNNAMED --add-opens=java.base/java.lang=ALL-UNNAMED --add-opens=java.base/java.lang.invoke=ALL-UNNAMED --add-opens=java.base/java.util=ALL-UNNAMED --add-opens=java.prefs/java.util.prefs=ALL-UNNAMED --add-opens=java.prefs/java.util.prefs=ALL-UNNAMED --add-opens=java.base/java.nio.charset=ALL-UNNAMED --add-opens=java.base/java.net=ALL-UNNAMED --add-opens=java.base/java.util.concurrent.atomic=ALL-UNNAMED -Xmx2048m -Dfile.encoding=UTF-8 -Duser.country=IN -Duser.language=en -Duser.variant 
java_command: org.gradle.launcher.daemon.bootstrap.GradleDaemon 7.2
java_class_path (initial): C:\Users\Admin\.gradle\wrapper\dists\gradle-7.2-bin\2dnblmf4td7x66yl1d74lt32g\gradle-7.2\lib\gradle-launcher-7.2.jar
Launcher Type: SUN_STANDARD

[Global flags]
     intx CICompilerCount                          = 3                                         {product} {ergonomic}
     uint ConcGCThreads                            = 1                                         {product} {ergonomic}
     uint G1ConcRefinementThreads                  = 4                                         {product} {ergonomic}
   size_t G1HeapRegionSize                         = 1048576                                   {product} {ergonomic}
    uintx GCDrainStackTargetSize                   = 64                                        {product} {ergonomic}
   size_t InitialHeapSize                          = 201326592                                 {product} {ergonomic}
   size_t MarkStackSize                            = 4194304                                   {product} {ergonomic}
   size_t MaxHeapSize                              = 2147483648                                {product} {command line}
   size_t MaxNewSize                               = 1287651328                                {product} {ergonomic}
   size_t MinHeapDeltaBytes                        = 1048576                                   {product} {ergonomic}
    uintx NonNMethodCodeHeapSize                   = 5830732                                {pd product} {ergonomic}
    uintx NonProfiledCodeHeapSize                  = 122913754                              {pd product} {ergonomic}
    uintx ProfiledCodeHeapSize                     = 122913754                              {pd product} {ergonomic}
    uintx ReservedCodeCacheSize                    = 251658240                              {pd product} {ergonomic}
     bool SegmentedCodeCache                       = true                                      {product} {ergonomic}
     bool UseCompressedClassPointers               = true                                 {lp64_product} {ergonomic}
     bool UseCompressedOops                        = true                                 {lp64_product} {ergonomic}
     bool UseG1GC                                  = true                                      {product} {ergonomic}
     bool UseLargePagesIndividualAllocation        = false                                  {pd product} {ergonomic}

Logging:
Log output configuration:
 #0: stdout all=warning uptime,level,tags
 #1: stderr all=off uptime,level,tags

Environment Variables:
JAVA_HOME=C:\Program Files\Java\jdk-11.0.16
PATH=C:\Program Files\Common Files\Oracle\Java\javapath;C:\Program Files (x86)\Common Files\Oracle\Java\javapath;C:\WINDOWS\system32;C:\WINDOWS;C:\WINDOWS\System32\Wbem;C:\WINDOWS\System32\WindowsPowerShell\v1.0\;C:\WINDOWS\System32\OpenSSH\;C:\Program Files\Git\cmd;C:\Users\Admin\AppData\Local\Microsoft\WindowsApps
USERNAME=Admin
OS=Windows_NT
PROCESSOR_IDENTIFIER=Intel64 Family 6 Model 61 Stepping 4, GenuineIntel



---------------  S Y S T E M  ---------------

OS: Windows 10 , 64 bit Build 19041 (10.0.19041.2251)
OS uptime: 13 days 18:11 hours

CPU:total 4 (initial active 4) (2 cores per cpu, 2 threads per core) family 6 model 61 stepping 4 microcode 0x2d, cmov, cx8, fxsr, mmx, sse, sse2, sse3, ssse3, sse4.1, sse4.2, popcnt, avx, avx2, aes, clmul, erms, 3dnowpref, lzcnt, ht, tsc, tscinvbit, bmi1, bmi2, adx, fma

Memory: 4k page, system-wide physical 12202M (167M free)
TotalPageFile size 24996M (AvailPageFile size 5M)
current process WorkingSet (physical memory assigned to process): 592M, peak: 592M
current process commit charge ("private bytes"): 641M, peak: 827M

vm_info: OpenJDK 64-Bit Server VM (11.0.11+9-b60-7590822) for windows-amd64 JRE (11.0.11+9-b60-7590822), built on Jul 29 2021 21:43:44 by "builder" with MS VC++ 14.0 (VS2015)

END.
